<?xml version="1.0" encoding="UTF-8"?>
<!-- Generated by org.testng.reporters.JUnitXMLReporter -->
<testsuite ignored="0" hostname="HOTGDEV094" failures="10" tests="10" name="BrowserStack_Demo2" time="1392.808" errors="0" timestamp="2024-03-06T14:54:42 PST">
  <testcase classname="com.mlwallet.test.HappyPathScripts" name="buyELoadSuccessfulTransactionUIValidation_BE_TC_26" time="249.757">
    <failure type="org.openqa.selenium.NoSuchElementException" message="An element could not be located on the page using the given search parameters. (WARNING: The server did not provide any stacktrace information)
Command duration or timeout: 0 milliseconds
For documentation on this error, please visit: https://www.seleniumhq.org/exceptions/no_such_element.html
Build info: version: &amp;apos;3.141.59&amp;apos;, revision: &amp;apos;e82be7d358&amp;apos;, time: &amp;apos;2018-11-14T08:17:03&amp;apos;
System info: host: &amp;apos;HOTGDEV094&amp;apos;, ip: &amp;apos;10.0.8.68&amp;apos;, os.name: &amp;apos;Windows 11&amp;apos;, os.arch: &amp;apos;amd64&amp;apos;, os.version: &amp;apos;10.0&amp;apos;, java.version: &amp;apos;20.0.1&amp;apos;
Driver info: io.appium.java_client.ios.IOSDriver
Capabilities {64bit: false, acceptSslCert: false, acceptSslCerts: false, automationName: XCUITest, biometricUserOptionAccessible: false, bootstrapPath: /usr/local/.browserstack/co..., browserName: , browserstack.appium_version: 1.21.0, browserstack.isTargetBased: false, browserstack.is_hub_canary: false, browserstack.minOSVersion: 12.4, bundleID: com.mlhuillier.mlwallet, bundleId: com.mlhuillier.mlwallet, capabilities: {64bit: false, acceptSslCert: false, acceptSslCerts: false, automationName: XCUITest, biometricUserOptionAccessible: false, bootstrapPath: /usr/local/.browserstack/co..., browserName: , browserstack.appium_version: 1.21.0, browserstack.isTargetBased: false, browserstack.is_hub_canary: false, browserstack.minOSVersion: 12.4, bundleID: com.mlhuillier.mlwallet, bundleId: com.mlhuillier.mlwallet, custom_replay_kit_params: {&amp;quot;rotation&amp;quot;:&amp;quot;false&amp;quot;,&amp;quot;captur..., databaseEnabled: false, detected_language: selenium/3.141.59 (java win..., device: iphone, deviceName: iPhone 13 Pro Max, deviceOrientation: PORTRAIT, javascriptEnabled: true, locationContextEnabled: false, mobile: {browser: mobile, version: iPhone 13 Pro Max-15.6}, networkConnectionEnabled: false, newCommandTimeout: 0, new_bucketing: true, noReset: true, orientation: PORTRAIT, orig_os: ios, platform: MAC, platformName: iOS, realMobile: true, safariIgnoreFraudWarning: true, safariInitialUrl: http://mobile-internet-chec..., sessionId: 10cc2aeea996af9844d8eca86c6..., takesScreenshot: true, udid: 00008110-00145C881ABA401E, uiautomator2ServerLaunchTimeout: 60000, useXctestrunFile: true, version: , waitForQuiescence: false, wdaStartupRetries: 3, wda_port: 8404, webStorageEnabled: false, webkitResponseTimeout: 20000}, custom_replay_kit_params: {&amp;quot;rotation&amp;quot;:&amp;quot;false&amp;quot;,&amp;quot;captur..., databaseEnabled: false, detected_language: selenium/3.141.59 (java win..., device: iphone, deviceName: iPhone 13 Pro Max, deviceOrientation: PORTRAIT, javascriptEnabled: true, locationContextEnabled: false, mobile: {browser: mobile, version: iPhone 13 Pro Max-15.6}, networkConnectionEnabled: false, newCommandTimeout: 0, new_bucketing: true, noReset: true, orientation: PORTRAIT, orig_os: ios, platform: MAC, platformName: iOS, realMobile: true, safariIgnoreFraudWarning: true, safariInitialUrl: http://mobile-internet-chec..., sessionId: 10cc2aeea996af9844d8eca86c6..., takesScreenshot: true, udid: 00008110-00145C881ABA401E, uiautomator2ServerLaunchTimeout: 60000, useXctestrunFile: true, version: , waitForQuiescence: false, wdaStartupRetries: 3, wda_port: 8404, webStorageEnabled: false, webkitResponseTimeout: 20000}
Session ID: 10cc2aeea996af9844d8eca86c636db3e5d4c42a
*** Element info: {Using=xpath, value=//*[@label=&amp;apos;Regular Load&amp;apos;]}">
      <![CDATA[org.openqa.selenium.NoSuchElementException: An element could not be located on the page using the given search parameters. (WARNING: The server did not provide any stacktrace information)
Command duration or timeout: 0 milliseconds
For documentation on this error, please visit: https://www.seleniumhq.org/exceptions/no_such_element.html
Build info: version: '3.141.59', revision: 'e82be7d358', time: '2018-11-14T08:17:03'
System info: host: 'HOTGDEV094', ip: '10.0.8.68', os.name: 'Windows 11', os.arch: 'amd64', os.version: '10.0', java.version: '20.0.1'
Driver info: io.appium.java_client.ios.IOSDriver
Capabilities {64bit: false, acceptSslCert: false, acceptSslCerts: false, automationName: XCUITest, biometricUserOptionAccessible: false, bootstrapPath: /usr/local/.browserstack/co..., browserName: , browserstack.appium_version: 1.21.0, browserstack.isTargetBased: false, browserstack.is_hub_canary: false, browserstack.minOSVersion: 12.4, bundleID: com.mlhuillier.mlwallet, bundleId: com.mlhuillier.mlwallet, capabilities: {64bit: false, acceptSslCert: false, acceptSslCerts: false, automationName: XCUITest, biometricUserOptionAccessible: false, bootstrapPath: /usr/local/.browserstack/co..., browserName: , browserstack.appium_version: 1.21.0, browserstack.isTargetBased: false, browserstack.is_hub_canary: false, browserstack.minOSVersion: 12.4, bundleID: com.mlhuillier.mlwallet, bundleId: com.mlhuillier.mlwallet, custom_replay_kit_params: {"rotation":"false","captur..., databaseEnabled: false, detected_language: selenium/3.141.59 (java win..., device: iphone, deviceName: iPhone 13 Pro Max, deviceOrientation: PORTRAIT, javascriptEnabled: true, locationContextEnabled: false, mobile: {browser: mobile, version: iPhone 13 Pro Max-15.6}, networkConnectionEnabled: false, newCommandTimeout: 0, new_bucketing: true, noReset: true, orientation: PORTRAIT, orig_os: ios, platform: MAC, platformName: iOS, realMobile: true, safariIgnoreFraudWarning: true, safariInitialUrl: http://mobile-internet-chec..., sessionId: 10cc2aeea996af9844d8eca86c6..., takesScreenshot: true, udid: 00008110-00145C881ABA401E, uiautomator2ServerLaunchTimeout: 60000, useXctestrunFile: true, version: , waitForQuiescence: false, wdaStartupRetries: 3, wda_port: 8404, webStorageEnabled: false, webkitResponseTimeout: 20000}, custom_replay_kit_params: {"rotation":"false","captur..., databaseEnabled: false, detected_language: selenium/3.141.59 (java win..., device: iphone, deviceName: iPhone 13 Pro Max, deviceOrientation: PORTRAIT, javascriptEnabled: true, locationContextEnabled: false, mobile: {browser: mobile, version: iPhone 13 Pro Max-15.6}, networkConnectionEnabled: false, newCommandTimeout: 0, new_bucketing: true, noReset: true, orientation: PORTRAIT, orig_os: ios, platform: MAC, platformName: iOS, realMobile: true, safariIgnoreFraudWarning: true, safariInitialUrl: http://mobile-internet-chec..., sessionId: 10cc2aeea996af9844d8eca86c6..., takesScreenshot: true, udid: 00008110-00145C881ABA401E, uiautomator2ServerLaunchTimeout: 60000, useXctestrunFile: true, version: , waitForQuiescence: false, wdaStartupRetries: 3, wda_port: 8404, webStorageEnabled: false, webkitResponseTimeout: 20000}
Session ID: 10cc2aeea996af9844d8eca86c636db3e5d4c42a
*** Element info: {Using=xpath, value=//*[@label='Regular Load']}
at org.openqa.selenium.remote.ErrorHandler.createThrowable(ErrorHandler.java:214)
at org.openqa.selenium.remote.ErrorHandler.throwIfResponseFailed(ErrorHandler.java:166)
at org.openqa.selenium.remote.http.JsonHttpResponseCodec.reconstructValue(JsonHttpResponseCodec.java:40)
at org.openqa.selenium.remote.http.AbstractHttpResponseCodec.decode(AbstractHttpResponseCodec.java:80)
at org.openqa.selenium.remote.http.AbstractHttpResponseCodec.decode(AbstractHttpResponseCodec.java:44)
at org.openqa.selenium.remote.HttpCommandExecutor.execute(HttpCommandExecutor.java:158)
at io.appium.java_client.remote.AppiumCommandExecutor.execute(AppiumCommandExecutor.java:239)
at org.openqa.selenium.remote.RemoteWebDriver.execute(RemoteWebDriver.java:552)
at io.appium.java_client.DefaultGenericMobileDriver.execute(DefaultGenericMobileDriver.java:41)
at io.appium.java_client.AppiumDriver.execute(AppiumDriver.java:1)
at io.appium.java_client.ios.IOSDriver.execute(IOSDriver.java:1)
at org.openqa.selenium.remote.RemoteWebDriver.findElement(RemoteWebDriver.java:323)
at io.appium.java_client.DefaultGenericMobileDriver.findElement(DefaultGenericMobileDriver.java:61)
at io.appium.java_client.AppiumDriver.findElement(AppiumDriver.java:1)
at io.appium.java_client.ios.IOSDriver.findElement(IOSDriver.java:1)
at org.openqa.selenium.remote.RemoteWebDriver.findElementByXPath(RemoteWebDriver.java:428)
at io.appium.java_client.DefaultGenericMobileDriver.findElementByXPath(DefaultGenericMobileDriver.java:151)
at io.appium.java_client.AppiumDriver.findElementByXPath(AppiumDriver.java:1)
at io.appium.java_client.ios.IOSDriver.findElementByXPath(IOSDriver.java:1)
at org.openqa.selenium.By$ByXPath.findElement(By.java:353)
at org.openqa.selenium.remote.RemoteWebDriver.findElement(RemoteWebDriver.java:315)
at io.appium.java_client.DefaultGenericMobileDriver.findElement(DefaultGenericMobileDriver.java:57)
at io.appium.java_client.AppiumDriver.findElement(AppiumDriver.java:1)
at io.appium.java_client.ios.IOSDriver.findElement(IOSDriver.java:1)
at com.utility.Utilities.getTextVal(Utilities.java:717)
at com.business.mlwallet.MLWalletBuyELoad.buyELoadSuccessfulTransactionUIValidation_BE_TC_26(MLWalletBuyELoad.java:722)
at com.mlwallet.test.HappyPathScripts.buyELoadSuccessfulTransactionUIValidation_BE_TC_26(HappyPathScripts.java:13)
at java.base/java.util.ArrayList.forEach(ArrayList.java:1511)
at java.base/java.util.concurrent.FutureTask.run(FutureTask.java:317)
at java.base/java.util.concurrent.ThreadPoolExecutor.runWorker(ThreadPoolExecutor.java:1144)
at java.base/java.util.concurrent.ThreadPoolExecutor$Worker.run(ThreadPoolExecutor.java:642)
at java.base/java.lang.Thread.run(Thread.java:1623)
... Removed 19 stack frames]]>
    </failure>
  </testcase> <!-- buyELoadSuccessfulTransactionUIValidation_BE_TC_26 -->
  <testcase classname="com.mlwallet.test.HappyPathScripts" name="cashInViaBankSemiVerifiedTierStatusTransaction_CIBA_TC_25" time="102.343">
    <failure type="java.lang.AssertionError" message="Could not send text By.xpath: //*[@name=&amp;apos;9XX XXX XXXX&amp;apos;]/XCUIElementTypeTextField">
      <![CDATA[java.lang.AssertionError: Could not send text By.xpath: //*[@name='9XX XXX XXXX']/XCUIElementTypeTextField
at com.utility.Utilities.type(Utilities.java:834)
at com.business.mlwallet.MLWalletLogin.mlWalletLogin(MLWalletLogin.java:26)
at com.business.mlwallet.MLWalletCashInViaBank.cashInViaBankSemiVerifiedTierStatusTransaction_CIBA_TC_25(MLWalletCashInViaBank.java:767)
at com.mlwallet.test.HappyPathScripts.cashInViaBankSemiVerifiedTierStatusTransaction_CIBA_TC_25(HappyPathScripts.java:18)
at java.base/java.util.ArrayList.forEach(ArrayList.java:1511)
at java.base/java.util.concurrent.FutureTask.run(FutureTask.java:317)
at java.base/java.util.concurrent.ThreadPoolExecutor.runWorker(ThreadPoolExecutor.java:1144)
at java.base/java.util.concurrent.ThreadPoolExecutor$Worker.run(ThreadPoolExecutor.java:642)
at java.base/java.lang.Thread.run(Thread.java:1623)
Caused by: org.openqa.selenium.NoSuchElementException: An element could not be located on the page using the given search parameters. (WARNING: The server did not provide any stacktrace information)
Command duration or timeout: 0 milliseconds
For documentation on this error, please visit: https://www.seleniumhq.org/exceptions/no_such_element.html
Build info: version: '3.141.59', revision: 'e82be7d358', time: '2018-11-14T08:17:03'
System info: host: 'HOTGDEV094', ip: '10.0.8.68', os.name: 'Windows 11', os.arch: 'amd64', os.version: '10.0', java.version: '20.0.1'
Driver info: io.appium.java_client.ios.IOSDriver
Capabilities {64bit: false, acceptSslCert: false, acceptSslCerts: false, automationName: XCUITest, biometricUserOptionAccessible: false, bootstrapPath: /usr/local/.browserstack/co..., browserName: , browserstack.appium_version: 1.21.0, browserstack.isTargetBased: false, browserstack.is_hub_canary: false, browserstack.minOSVersion: 12.4, bundleID: com.mlhuillier.mlwallet, bundleId: com.mlhuillier.mlwallet, capabilities: {64bit: false, acceptSslCert: false, acceptSslCerts: false, automationName: XCUITest, biometricUserOptionAccessible: false, bootstrapPath: /usr/local/.browserstack/co..., browserName: , browserstack.appium_version: 1.21.0, browserstack.isTargetBased: false, browserstack.is_hub_canary: false, browserstack.minOSVersion: 12.4, bundleID: com.mlhuillier.mlwallet, bundleId: com.mlhuillier.mlwallet, custom_replay_kit_params: {"rotation":"false","captur..., databaseEnabled: false, detected_language: selenium/3.141.59 (java win..., device: iphone, deviceName: iPhone 13 Pro Max, deviceOrientation: PORTRAIT, javascriptEnabled: true, locationContextEnabled: false, mobile: {browser: mobile, version: iPhone 13 Pro Max-15.6}, networkConnectionEnabled: false, newCommandTimeout: 0, new_bucketing: true, noReset: true, orientation: PORTRAIT, orig_os: ios, platform: MAC, platformName: iOS, realMobile: true, safariIgnoreFraudWarning: true, safariInitialUrl: http://mobile-internet-chec..., sessionId: 10cc2aeea996af9844d8eca86c6..., takesScreenshot: true, udid: 00008110-00145C881ABA401E, uiautomator2ServerLaunchTimeout: 60000, useXctestrunFile: true, version: , waitForQuiescence: false, wdaStartupRetries: 3, wda_port: 8404, webStorageEnabled: false, webkitResponseTimeout: 20000}, custom_replay_kit_params: {"rotation":"false","captur..., databaseEnabled: false, detected_language: selenium/3.141.59 (java win..., device: iphone, deviceName: iPhone 13 Pro Max, deviceOrientation: PORTRAIT, javascriptEnabled: true, locationContextEnabled: false, mobile: {browser: mobile, version: iPhone 13 Pro Max-15.6}, networkConnectionEnabled: false, newCommandTimeout: 0, new_bucketing: true, noReset: true, orientation: PORTRAIT, orig_os: ios, platform: MAC, platformName: iOS, realMobile: true, safariIgnoreFraudWarning: true, safariInitialUrl: http://mobile-internet-chec..., sessionId: 10cc2aeea996af9844d8eca86c6..., takesScreenshot: true, udid: 00008110-00145C881ABA401E, uiautomator2ServerLaunchTimeout: 60000, useXctestrunFile: true, version: , waitForQuiescence: false, wdaStartupRetries: 3, wda_port: 8404, webStorageEnabled: false, webkitResponseTimeout: 20000}
Session ID: 10cc2aeea996af9844d8eca86c636db3e5d4c42a
*** Element info: {Using=xpath, value=//*[@name='9XX XXX XXXX']/XCUIElementTypeTextField}
at org.openqa.selenium.remote.ErrorHandler.createThrowable(ErrorHandler.java:214)
at org.openqa.selenium.remote.ErrorHandler.throwIfResponseFailed(ErrorHandler.java:166)
at org.openqa.selenium.remote.http.JsonHttpResponseCodec.reconstructValue(JsonHttpResponseCodec.java:40)
at org.openqa.selenium.remote.http.AbstractHttpResponseCodec.decode(AbstractHttpResponseCodec.java:80)
at org.openqa.selenium.remote.http.AbstractHttpResponseCodec.decode(AbstractHttpResponseCodec.java:44)
at org.openqa.selenium.remote.HttpCommandExecutor.execute(HttpCommandExecutor.java:158)
at io.appium.java_client.remote.AppiumCommandExecutor.execute(AppiumCommandExecutor.java:239)
at org.openqa.selenium.remote.RemoteWebDriver.execute(RemoteWebDriver.java:552)
at io.appium.java_client.DefaultGenericMobileDriver.execute(DefaultGenericMobileDriver.java:41)
at io.appium.java_client.AppiumDriver.execute(AppiumDriver.java:1)
at io.appium.java_client.ios.IOSDriver.execute(IOSDriver.java:1)
at org.openqa.selenium.remote.RemoteWebDriver.findElement(RemoteWebDriver.java:323)
at io.appium.java_client.DefaultGenericMobileDriver.findElement(DefaultGenericMobileDriver.java:61)
at io.appium.java_client.AppiumDriver.findElement(AppiumDriver.java:1)
at io.appium.java_client.ios.IOSDriver.findElement(IOSDriver.java:1)
at org.openqa.selenium.remote.RemoteWebDriver.findElementByXPath(RemoteWebDriver.java:428)
at io.appium.java_client.DefaultGenericMobileDriver.findElementByXPath(DefaultGenericMobileDriver.java:151)
at io.appium.java_client.AppiumDriver.findElementByXPath(AppiumDriver.java:1)
at io.appium.java_client.ios.IOSDriver.findElementByXPath(IOSDriver.java:1)
at org.openqa.selenium.By$ByXPath.findElement(By.java:353)
at org.openqa.selenium.remote.RemoteWebDriver.findElement(RemoteWebDriver.java:315)
at io.appium.java_client.DefaultGenericMobileDriver.findElement(DefaultGenericMobileDriver.java:57)
at io.appium.java_client.AppiumDriver.findElement(AppiumDriver.java:1)
at io.appium.java_client.ios.IOSDriver.findElement(IOSDriver.java:1)
at com.utility.Utilities.type(Utilities.java:816)
... 24 more
... Removed 19 stack frames]]>
    </failure>
  </testcase> <!-- cashInViaBankSemiVerifiedTierStatusTransaction_CIBA_TC_25 -->
  <testcase classname="com.mlwallet.test.HappyPathScripts" name="cashInViaBranchTransactionWithValidMLPin_CIBR_TC_43" time="100.85">
    <failure type="java.lang.AssertionError" message="Could not send text By.xpath: //*[@name=&amp;apos;9XX XXX XXXX&amp;apos;]/XCUIElementTypeTextField">
      <![CDATA[java.lang.AssertionError: Could not send text By.xpath: //*[@name='9XX XXX XXXX']/XCUIElementTypeTextField
at com.utility.Utilities.type(Utilities.java:834)
at com.business.mlwallet.MLWalletLogin.mlWalletLogin(MLWalletLogin.java:26)
at com.business.mlwallet.MLWalletCashInViaBranch.cashInViaBranchNavigation(MLWalletCashInViaBranch.java:20)
at com.business.mlwallet.MLWalletCashInViaBranch.cashInViaBranchTransactionWithValidMLPin_CIBR_TC_43(MLWalletCashInViaBranch.java:706)
at com.mlwallet.test.HappyPathScripts.cashInViaBranchTransactionWithValidMLPin_CIBR_TC_43(HappyPathScripts.java:23)
at java.base/java.util.ArrayList.forEach(ArrayList.java:1511)
at java.base/java.util.concurrent.FutureTask.run(FutureTask.java:317)
at java.base/java.util.concurrent.ThreadPoolExecutor.runWorker(ThreadPoolExecutor.java:1144)
at java.base/java.util.concurrent.ThreadPoolExecutor$Worker.run(ThreadPoolExecutor.java:642)
at java.base/java.lang.Thread.run(Thread.java:1623)
Caused by: org.openqa.selenium.NoSuchElementException: An element could not be located on the page using the given search parameters. (WARNING: The server did not provide any stacktrace information)
Command duration or timeout: 0 milliseconds
For documentation on this error, please visit: https://www.seleniumhq.org/exceptions/no_such_element.html
Build info: version: '3.141.59', revision: 'e82be7d358', time: '2018-11-14T08:17:03'
System info: host: 'HOTGDEV094', ip: '10.0.8.68', os.name: 'Windows 11', os.arch: 'amd64', os.version: '10.0', java.version: '20.0.1'
Driver info: io.appium.java_client.ios.IOSDriver
Capabilities {64bit: false, acceptSslCert: false, acceptSslCerts: false, automationName: XCUITest, biometricUserOptionAccessible: false, bootstrapPath: /usr/local/.browserstack/co..., browserName: , browserstack.appium_version: 1.21.0, browserstack.isTargetBased: false, browserstack.is_hub_canary: false, browserstack.minOSVersion: 12.4, bundleID: com.mlhuillier.mlwallet, bundleId: com.mlhuillier.mlwallet, capabilities: {64bit: false, acceptSslCert: false, acceptSslCerts: false, automationName: XCUITest, biometricUserOptionAccessible: false, bootstrapPath: /usr/local/.browserstack/co..., browserName: , browserstack.appium_version: 1.21.0, browserstack.isTargetBased: false, browserstack.is_hub_canary: false, browserstack.minOSVersion: 12.4, bundleID: com.mlhuillier.mlwallet, bundleId: com.mlhuillier.mlwallet, custom_replay_kit_params: {"rotation":"false","captur..., databaseEnabled: false, detected_language: selenium/3.141.59 (java win..., device: iphone, deviceName: iPhone 13 Pro Max, deviceOrientation: PORTRAIT, javascriptEnabled: true, locationContextEnabled: false, mobile: {browser: mobile, version: iPhone 13 Pro Max-15.6}, networkConnectionEnabled: false, newCommandTimeout: 0, new_bucketing: true, noReset: true, orientation: PORTRAIT, orig_os: ios, platform: MAC, platformName: iOS, realMobile: true, safariIgnoreFraudWarning: true, safariInitialUrl: http://mobile-internet-chec..., sessionId: 10cc2aeea996af9844d8eca86c6..., takesScreenshot: true, udid: 00008110-00145C881ABA401E, uiautomator2ServerLaunchTimeout: 60000, useXctestrunFile: true, version: , waitForQuiescence: false, wdaStartupRetries: 3, wda_port: 8404, webStorageEnabled: false, webkitResponseTimeout: 20000}, custom_replay_kit_params: {"rotation":"false","captur..., databaseEnabled: false, detected_language: selenium/3.141.59 (java win..., device: iphone, deviceName: iPhone 13 Pro Max, deviceOrientation: PORTRAIT, javascriptEnabled: true, locationContextEnabled: false, mobile: {browser: mobile, version: iPhone 13 Pro Max-15.6}, networkConnectionEnabled: false, newCommandTimeout: 0, new_bucketing: true, noReset: true, orientation: PORTRAIT, orig_os: ios, platform: MAC, platformName: iOS, realMobile: true, safariIgnoreFraudWarning: true, safariInitialUrl: http://mobile-internet-chec..., sessionId: 10cc2aeea996af9844d8eca86c6..., takesScreenshot: true, udid: 00008110-00145C881ABA401E, uiautomator2ServerLaunchTimeout: 60000, useXctestrunFile: true, version: , waitForQuiescence: false, wdaStartupRetries: 3, wda_port: 8404, webStorageEnabled: false, webkitResponseTimeout: 20000}
Session ID: 10cc2aeea996af9844d8eca86c636db3e5d4c42a
*** Element info: {Using=xpath, value=//*[@name='9XX XXX XXXX']/XCUIElementTypeTextField}
at org.openqa.selenium.remote.ErrorHandler.createThrowable(ErrorHandler.java:214)
at org.openqa.selenium.remote.ErrorHandler.throwIfResponseFailed(ErrorHandler.java:166)
at org.openqa.selenium.remote.http.JsonHttpResponseCodec.reconstructValue(JsonHttpResponseCodec.java:40)
at org.openqa.selenium.remote.http.AbstractHttpResponseCodec.decode(AbstractHttpResponseCodec.java:80)
at org.openqa.selenium.remote.http.AbstractHttpResponseCodec.decode(AbstractHttpResponseCodec.java:44)
at org.openqa.selenium.remote.HttpCommandExecutor.execute(HttpCommandExecutor.java:158)
at io.appium.java_client.remote.AppiumCommandExecutor.execute(AppiumCommandExecutor.java:239)
at org.openqa.selenium.remote.RemoteWebDriver.execute(RemoteWebDriver.java:552)
at io.appium.java_client.DefaultGenericMobileDriver.execute(DefaultGenericMobileDriver.java:41)
at io.appium.java_client.AppiumDriver.execute(AppiumDriver.java:1)
at io.appium.java_client.ios.IOSDriver.execute(IOSDriver.java:1)
at org.openqa.selenium.remote.RemoteWebDriver.findElement(RemoteWebDriver.java:323)
at io.appium.java_client.DefaultGenericMobileDriver.findElement(DefaultGenericMobileDriver.java:61)
at io.appium.java_client.AppiumDriver.findElement(AppiumDriver.java:1)
at io.appium.java_client.ios.IOSDriver.findElement(IOSDriver.java:1)
at org.openqa.selenium.remote.RemoteWebDriver.findElementByXPath(RemoteWebDriver.java:428)
at io.appium.java_client.DefaultGenericMobileDriver.findElementByXPath(DefaultGenericMobileDriver.java:151)
at io.appium.java_client.AppiumDriver.findElementByXPath(AppiumDriver.java:1)
at io.appium.java_client.ios.IOSDriver.findElementByXPath(IOSDriver.java:1)
at org.openqa.selenium.By$ByXPath.findElement(By.java:353)
at org.openqa.selenium.remote.RemoteWebDriver.findElement(RemoteWebDriver.java:315)
at io.appium.java_client.DefaultGenericMobileDriver.findElement(DefaultGenericMobileDriver.java:57)
at io.appium.java_client.AppiumDriver.findElement(AppiumDriver.java:1)
at io.appium.java_client.ios.IOSDriver.findElement(IOSDriver.java:1)
at com.utility.Utilities.type(Utilities.java:816)
... 25 more
... Removed 19 stack frames]]>
    </failure>
  </testcase> <!-- cashInViaBranchTransactionWithValidMLPin_CIBR_TC_43 -->
  <testcase classname="com.mlwallet.test.HappyPathScripts" name="GC_SM_TC_76_Validate_Back_Home_Btn_In_GCash_View_Recent_Transaction_Dashboard_Page" time="98.808">
    <failure type="java.lang.AssertionError" message="Could not send text By.xpath: //*[@name=&amp;apos;9XX XXX XXXX&amp;apos;]/XCUIElementTypeTextField">
      <![CDATA[java.lang.AssertionError: Could not send text By.xpath: //*[@name='9XX XXX XXXX']/XCUIElementTypeTextField
at com.utility.Utilities.type(Utilities.java:834)
at com.business.mlwallet.MLWalletLogin.mlWalletLogin(MLWalletLogin.java:26)
at com.business.mlwallet.MLWalletGCash.GC_SM_TC_76_Validate_Back_Home_Btn_In_GCash_View_Recent_Transaction_Dashboard_Page(MLWalletGCash.java:346)
at com.mlwallet.test.HappyPathScripts.GC_SM_TC_76_Validate_Back_Home_Btn_In_GCash_View_Recent_Transaction_Dashboard_Page(HappyPathScripts.java:28)
at java.base/java.util.ArrayList.forEach(ArrayList.java:1511)
at java.base/java.util.concurrent.FutureTask.run(FutureTask.java:317)
at java.base/java.util.concurrent.ThreadPoolExecutor.runWorker(ThreadPoolExecutor.java:1144)
at java.base/java.util.concurrent.ThreadPoolExecutor$Worker.run(ThreadPoolExecutor.java:642)
at java.base/java.lang.Thread.run(Thread.java:1623)
Caused by: org.openqa.selenium.NoSuchElementException: An element could not be located on the page using the given search parameters. (WARNING: The server did not provide any stacktrace information)
Command duration or timeout: 0 milliseconds
For documentation on this error, please visit: https://www.seleniumhq.org/exceptions/no_such_element.html
Build info: version: '3.141.59', revision: 'e82be7d358', time: '2018-11-14T08:17:03'
System info: host: 'HOTGDEV094', ip: '10.0.8.68', os.name: 'Windows 11', os.arch: 'amd64', os.version: '10.0', java.version: '20.0.1'
Driver info: io.appium.java_client.ios.IOSDriver
Capabilities {64bit: false, acceptSslCert: false, acceptSslCerts: false, automationName: XCUITest, biometricUserOptionAccessible: false, bootstrapPath: /usr/local/.browserstack/co..., browserName: , browserstack.appium_version: 1.21.0, browserstack.isTargetBased: false, browserstack.is_hub_canary: false, browserstack.minOSVersion: 12.4, bundleID: com.mlhuillier.mlwallet, bundleId: com.mlhuillier.mlwallet, capabilities: {64bit: false, acceptSslCert: false, acceptSslCerts: false, automationName: XCUITest, biometricUserOptionAccessible: false, bootstrapPath: /usr/local/.browserstack/co..., browserName: , browserstack.appium_version: 1.21.0, browserstack.isTargetBased: false, browserstack.is_hub_canary: false, browserstack.minOSVersion: 12.4, bundleID: com.mlhuillier.mlwallet, bundleId: com.mlhuillier.mlwallet, custom_replay_kit_params: {"rotation":"false","captur..., databaseEnabled: false, detected_language: selenium/3.141.59 (java win..., device: iphone, deviceName: iPhone 13 Pro Max, deviceOrientation: PORTRAIT, javascriptEnabled: true, locationContextEnabled: false, mobile: {browser: mobile, version: iPhone 13 Pro Max-15.6}, networkConnectionEnabled: false, newCommandTimeout: 0, new_bucketing: true, noReset: true, orientation: PORTRAIT, orig_os: ios, platform: MAC, platformName: iOS, realMobile: true, safariIgnoreFraudWarning: true, safariInitialUrl: http://mobile-internet-chec..., sessionId: 10cc2aeea996af9844d8eca86c6..., takesScreenshot: true, udid: 00008110-00145C881ABA401E, uiautomator2ServerLaunchTimeout: 60000, useXctestrunFile: true, version: , waitForQuiescence: false, wdaStartupRetries: 3, wda_port: 8404, webStorageEnabled: false, webkitResponseTimeout: 20000}, custom_replay_kit_params: {"rotation":"false","captur..., databaseEnabled: false, detected_language: selenium/3.141.59 (java win..., device: iphone, deviceName: iPhone 13 Pro Max, deviceOrientation: PORTRAIT, javascriptEnabled: true, locationContextEnabled: false, mobile: {browser: mobile, version: iPhone 13 Pro Max-15.6}, networkConnectionEnabled: false, newCommandTimeout: 0, new_bucketing: true, noReset: true, orientation: PORTRAIT, orig_os: ios, platform: MAC, platformName: iOS, realMobile: true, safariIgnoreFraudWarning: true, safariInitialUrl: http://mobile-internet-chec..., sessionId: 10cc2aeea996af9844d8eca86c6..., takesScreenshot: true, udid: 00008110-00145C881ABA401E, uiautomator2ServerLaunchTimeout: 60000, useXctestrunFile: true, version: , waitForQuiescence: false, wdaStartupRetries: 3, wda_port: 8404, webStorageEnabled: false, webkitResponseTimeout: 20000}
Session ID: 10cc2aeea996af9844d8eca86c636db3e5d4c42a
*** Element info: {Using=xpath, value=//*[@name='9XX XXX XXXX']/XCUIElementTypeTextField}
at org.openqa.selenium.remote.ErrorHandler.createThrowable(ErrorHandler.java:214)
at org.openqa.selenium.remote.ErrorHandler.throwIfResponseFailed(ErrorHandler.java:166)
at org.openqa.selenium.remote.http.JsonHttpResponseCodec.reconstructValue(JsonHttpResponseCodec.java:40)
at org.openqa.selenium.remote.http.AbstractHttpResponseCodec.decode(AbstractHttpResponseCodec.java:80)
at org.openqa.selenium.remote.http.AbstractHttpResponseCodec.decode(AbstractHttpResponseCodec.java:44)
at org.openqa.selenium.remote.HttpCommandExecutor.execute(HttpCommandExecutor.java:158)
at io.appium.java_client.remote.AppiumCommandExecutor.execute(AppiumCommandExecutor.java:239)
at org.openqa.selenium.remote.RemoteWebDriver.execute(RemoteWebDriver.java:552)
at io.appium.java_client.DefaultGenericMobileDriver.execute(DefaultGenericMobileDriver.java:41)
at io.appium.java_client.AppiumDriver.execute(AppiumDriver.java:1)
at io.appium.java_client.ios.IOSDriver.execute(IOSDriver.java:1)
at org.openqa.selenium.remote.RemoteWebDriver.findElement(RemoteWebDriver.java:323)
at io.appium.java_client.DefaultGenericMobileDriver.findElement(DefaultGenericMobileDriver.java:61)
at io.appium.java_client.AppiumDriver.findElement(AppiumDriver.java:1)
at io.appium.java_client.ios.IOSDriver.findElement(IOSDriver.java:1)
at org.openqa.selenium.remote.RemoteWebDriver.findElementByXPath(RemoteWebDriver.java:428)
at io.appium.java_client.DefaultGenericMobileDriver.findElementByXPath(DefaultGenericMobileDriver.java:151)
at io.appium.java_client.AppiumDriver.findElementByXPath(AppiumDriver.java:1)
at io.appium.java_client.ios.IOSDriver.findElementByXPath(IOSDriver.java:1)
at org.openqa.selenium.By$ByXPath.findElement(By.java:353)
at org.openqa.selenium.remote.RemoteWebDriver.findElement(RemoteWebDriver.java:315)
at io.appium.java_client.DefaultGenericMobileDriver.findElement(DefaultGenericMobileDriver.java:57)
at io.appium.java_client.AppiumDriver.findElement(AppiumDriver.java:1)
at io.appium.java_client.ios.IOSDriver.findElement(IOSDriver.java:1)
at com.utility.Utilities.type(Utilities.java:816)
... 24 more
... Removed 19 stack frames]]>
    </failure>
  </testcase> <!-- GC_SM_TC_76_Validate_Back_Home_Btn_In_GCash_View_Recent_Transaction_Dashboard_Page -->
  <testcase classname="com.mlwallet.test.HappyPathScripts" name="cashOutBankTransactionOTPContinueBtnFunctionality_WM_TC_123" time="103.317">
    <failure type="java.lang.AssertionError" message="Could not send text By.xpath: //*[@name=&amp;apos;9XX XXX XXXX&amp;apos;]/XCUIElementTypeTextField">
      <![CDATA[java.lang.AssertionError: Could not send text By.xpath: //*[@name='9XX XXX XXXX']/XCUIElementTypeTextField
at com.utility.Utilities.type(Utilities.java:834)
at com.business.mlwallet.MLWalletLogin.mlWalletLogin(MLWalletLogin.java:26)
at com.business.mlwallet.MLWalletCashOutWithdraw.cashOutBankTransactionOTPContinueBtnFunctionality_WM_TC_123(MLWalletCashOutWithdraw.java:1179)
at com.mlwallet.test.HappyPathScripts.cashOutBankTransactionOTPContinueBtnFunctionality_WM_TC_123(HappyPathScripts.java:33)
at java.base/java.util.ArrayList.forEach(ArrayList.java:1511)
at java.base/java.util.concurrent.FutureTask.run(FutureTask.java:317)
at java.base/java.util.concurrent.ThreadPoolExecutor.runWorker(ThreadPoolExecutor.java:1144)
at java.base/java.util.concurrent.ThreadPoolExecutor$Worker.run(ThreadPoolExecutor.java:642)
at java.base/java.lang.Thread.run(Thread.java:1623)
Caused by: org.openqa.selenium.NoSuchElementException: An element could not be located on the page using the given search parameters. (WARNING: The server did not provide any stacktrace information)
Command duration or timeout: 0 milliseconds
For documentation on this error, please visit: https://www.seleniumhq.org/exceptions/no_such_element.html
Build info: version: '3.141.59', revision: 'e82be7d358', time: '2018-11-14T08:17:03'
System info: host: 'HOTGDEV094', ip: '10.0.8.68', os.name: 'Windows 11', os.arch: 'amd64', os.version: '10.0', java.version: '20.0.1'
Driver info: io.appium.java_client.ios.IOSDriver
Capabilities {64bit: false, acceptSslCert: false, acceptSslCerts: false, automationName: XCUITest, biometricUserOptionAccessible: false, bootstrapPath: /usr/local/.browserstack/co..., browserName: , browserstack.appium_version: 1.21.0, browserstack.isTargetBased: false, browserstack.is_hub_canary: false, browserstack.minOSVersion: 12.4, bundleID: com.mlhuillier.mlwallet, bundleId: com.mlhuillier.mlwallet, capabilities: {64bit: false, acceptSslCert: false, acceptSslCerts: false, automationName: XCUITest, biometricUserOptionAccessible: false, bootstrapPath: /usr/local/.browserstack/co..., browserName: , browserstack.appium_version: 1.21.0, browserstack.isTargetBased: false, browserstack.is_hub_canary: false, browserstack.minOSVersion: 12.4, bundleID: com.mlhuillier.mlwallet, bundleId: com.mlhuillier.mlwallet, custom_replay_kit_params: {"rotation":"false","captur..., databaseEnabled: false, detected_language: selenium/3.141.59 (java win..., device: iphone, deviceName: iPhone 13 Pro Max, deviceOrientation: PORTRAIT, javascriptEnabled: true, locationContextEnabled: false, mobile: {browser: mobile, version: iPhone 13 Pro Max-15.6}, networkConnectionEnabled: false, newCommandTimeout: 0, new_bucketing: true, noReset: true, orientation: PORTRAIT, orig_os: ios, platform: MAC, platformName: iOS, realMobile: true, safariIgnoreFraudWarning: true, safariInitialUrl: http://mobile-internet-chec..., sessionId: 10cc2aeea996af9844d8eca86c6..., takesScreenshot: true, udid: 00008110-00145C881ABA401E, uiautomator2ServerLaunchTimeout: 60000, useXctestrunFile: true, version: , waitForQuiescence: false, wdaStartupRetries: 3, wda_port: 8404, webStorageEnabled: false, webkitResponseTimeout: 20000}, custom_replay_kit_params: {"rotation":"false","captur..., databaseEnabled: false, detected_language: selenium/3.141.59 (java win..., device: iphone, deviceName: iPhone 13 Pro Max, deviceOrientation: PORTRAIT, javascriptEnabled: true, locationContextEnabled: false, mobile: {browser: mobile, version: iPhone 13 Pro Max-15.6}, networkConnectionEnabled: false, newCommandTimeout: 0, new_bucketing: true, noReset: true, orientation: PORTRAIT, orig_os: ios, platform: MAC, platformName: iOS, realMobile: true, safariIgnoreFraudWarning: true, safariInitialUrl: http://mobile-internet-chec..., sessionId: 10cc2aeea996af9844d8eca86c6..., takesScreenshot: true, udid: 00008110-00145C881ABA401E, uiautomator2ServerLaunchTimeout: 60000, useXctestrunFile: true, version: , waitForQuiescence: false, wdaStartupRetries: 3, wda_port: 8404, webStorageEnabled: false, webkitResponseTimeout: 20000}
Session ID: 10cc2aeea996af9844d8eca86c636db3e5d4c42a
*** Element info: {Using=xpath, value=//*[@name='9XX XXX XXXX']/XCUIElementTypeTextField}
at org.openqa.selenium.remote.ErrorHandler.createThrowable(ErrorHandler.java:214)
at org.openqa.selenium.remote.ErrorHandler.throwIfResponseFailed(ErrorHandler.java:166)
at org.openqa.selenium.remote.http.JsonHttpResponseCodec.reconstructValue(JsonHttpResponseCodec.java:40)
at org.openqa.selenium.remote.http.AbstractHttpResponseCodec.decode(AbstractHttpResponseCodec.java:80)
at org.openqa.selenium.remote.http.AbstractHttpResponseCodec.decode(AbstractHttpResponseCodec.java:44)
at org.openqa.selenium.remote.HttpCommandExecutor.execute(HttpCommandExecutor.java:158)
at io.appium.java_client.remote.AppiumCommandExecutor.execute(AppiumCommandExecutor.java:239)
at org.openqa.selenium.remote.RemoteWebDriver.execute(RemoteWebDriver.java:552)
at io.appium.java_client.DefaultGenericMobileDriver.execute(DefaultGenericMobileDriver.java:41)
at io.appium.java_client.AppiumDriver.execute(AppiumDriver.java:1)
at io.appium.java_client.ios.IOSDriver.execute(IOSDriver.java:1)
at org.openqa.selenium.remote.RemoteWebDriver.findElement(RemoteWebDriver.java:323)
at io.appium.java_client.DefaultGenericMobileDriver.findElement(DefaultGenericMobileDriver.java:61)
at io.appium.java_client.AppiumDriver.findElement(AppiumDriver.java:1)
at io.appium.java_client.ios.IOSDriver.findElement(IOSDriver.java:1)
at org.openqa.selenium.remote.RemoteWebDriver.findElementByXPath(RemoteWebDriver.java:428)
at io.appium.java_client.DefaultGenericMobileDriver.findElementByXPath(DefaultGenericMobileDriver.java:151)
at io.appium.java_client.AppiumDriver.findElementByXPath(AppiumDriver.java:1)
at io.appium.java_client.ios.IOSDriver.findElementByXPath(IOSDriver.java:1)
at org.openqa.selenium.By$ByXPath.findElement(By.java:353)
at org.openqa.selenium.remote.RemoteWebDriver.findElement(RemoteWebDriver.java:315)
at io.appium.java_client.DefaultGenericMobileDriver.findElement(DefaultGenericMobileDriver.java:57)
at io.appium.java_client.AppiumDriver.findElement(AppiumDriver.java:1)
at io.appium.java_client.ios.IOSDriver.findElement(IOSDriver.java:1)
at com.utility.Utilities.type(Utilities.java:816)
... 24 more
... Removed 19 stack frames]]>
    </failure>
  </testcase> <!-- cashOutBankTransactionOTPContinueBtnFunctionality_WM_TC_123 -->
  <testcase classname="com.mlwallet.test.HappyPathScripts" name="paybillsRecentTransaction_PB_TC_19" time="106.417">
    <failure type="java.lang.AssertionError" message="Could not send text By.xpath: //*[@name=&amp;apos;9XX XXX XXXX&amp;apos;]/XCUIElementTypeTextField">
      <![CDATA[java.lang.AssertionError: Could not send text By.xpath: //*[@name='9XX XXX XXXX']/XCUIElementTypeTextField
at com.utility.Utilities.type(Utilities.java:834)
at com.business.mlwallet.MLWalletLogin.mlWalletLogin(MLWalletLogin.java:26)
at com.business.mlwallet.MLWalletPayBills.paybillsRecentTransaction_PB_TC_19(MLWalletPayBills.java:654)
at com.mlwallet.test.HappyPathScripts.paybillsRecentTransaction_PB_TC_19(HappyPathScripts.java:38)
at java.base/java.util.ArrayList.forEach(ArrayList.java:1511)
at java.base/java.util.concurrent.FutureTask.run(FutureTask.java:317)
at java.base/java.util.concurrent.ThreadPoolExecutor.runWorker(ThreadPoolExecutor.java:1144)
at java.base/java.util.concurrent.ThreadPoolExecutor$Worker.run(ThreadPoolExecutor.java:642)
at java.base/java.lang.Thread.run(Thread.java:1623)
Caused by: org.openqa.selenium.NoSuchElementException: An element could not be located on the page using the given search parameters. (WARNING: The server did not provide any stacktrace information)
Command duration or timeout: 0 milliseconds
For documentation on this error, please visit: https://www.seleniumhq.org/exceptions/no_such_element.html
Build info: version: '3.141.59', revision: 'e82be7d358', time: '2018-11-14T08:17:03'
System info: host: 'HOTGDEV094', ip: '10.0.8.68', os.name: 'Windows 11', os.arch: 'amd64', os.version: '10.0', java.version: '20.0.1'
Driver info: io.appium.java_client.ios.IOSDriver
Capabilities {64bit: false, acceptSslCert: false, acceptSslCerts: false, automationName: XCUITest, biometricUserOptionAccessible: false, bootstrapPath: /usr/local/.browserstack/co..., browserName: , browserstack.appium_version: 1.21.0, browserstack.isTargetBased: false, browserstack.is_hub_canary: false, browserstack.minOSVersion: 12.4, bundleID: com.mlhuillier.mlwallet, bundleId: com.mlhuillier.mlwallet, capabilities: {64bit: false, acceptSslCert: false, acceptSslCerts: false, automationName: XCUITest, biometricUserOptionAccessible: false, bootstrapPath: /usr/local/.browserstack/co..., browserName: , browserstack.appium_version: 1.21.0, browserstack.isTargetBased: false, browserstack.is_hub_canary: false, browserstack.minOSVersion: 12.4, bundleID: com.mlhuillier.mlwallet, bundleId: com.mlhuillier.mlwallet, custom_replay_kit_params: {"rotation":"false","captur..., databaseEnabled: false, detected_language: selenium/3.141.59 (java win..., device: iphone, deviceName: iPhone 13 Pro Max, deviceOrientation: PORTRAIT, javascriptEnabled: true, locationContextEnabled: false, mobile: {browser: mobile, version: iPhone 13 Pro Max-15.6}, networkConnectionEnabled: false, newCommandTimeout: 0, new_bucketing: true, noReset: true, orientation: PORTRAIT, orig_os: ios, platform: MAC, platformName: iOS, realMobile: true, safariIgnoreFraudWarning: true, safariInitialUrl: http://mobile-internet-chec..., sessionId: 10cc2aeea996af9844d8eca86c6..., takesScreenshot: true, udid: 00008110-00145C881ABA401E, uiautomator2ServerLaunchTimeout: 60000, useXctestrunFile: true, version: , waitForQuiescence: false, wdaStartupRetries: 3, wda_port: 8404, webStorageEnabled: false, webkitResponseTimeout: 20000}, custom_replay_kit_params: {"rotation":"false","captur..., databaseEnabled: false, detected_language: selenium/3.141.59 (java win..., device: iphone, deviceName: iPhone 13 Pro Max, deviceOrientation: PORTRAIT, javascriptEnabled: true, locationContextEnabled: false, mobile: {browser: mobile, version: iPhone 13 Pro Max-15.6}, networkConnectionEnabled: false, newCommandTimeout: 0, new_bucketing: true, noReset: true, orientation: PORTRAIT, orig_os: ios, platform: MAC, platformName: iOS, realMobile: true, safariIgnoreFraudWarning: true, safariInitialUrl: http://mobile-internet-chec..., sessionId: 10cc2aeea996af9844d8eca86c6..., takesScreenshot: true, udid: 00008110-00145C881ABA401E, uiautomator2ServerLaunchTimeout: 60000, useXctestrunFile: true, version: , waitForQuiescence: false, wdaStartupRetries: 3, wda_port: 8404, webStorageEnabled: false, webkitResponseTimeout: 20000}
Session ID: 10cc2aeea996af9844d8eca86c636db3e5d4c42a
*** Element info: {Using=xpath, value=//*[@name='9XX XXX XXXX']/XCUIElementTypeTextField}
at org.openqa.selenium.remote.ErrorHandler.createThrowable(ErrorHandler.java:214)
at org.openqa.selenium.remote.ErrorHandler.throwIfResponseFailed(ErrorHandler.java:166)
at org.openqa.selenium.remote.http.JsonHttpResponseCodec.reconstructValue(JsonHttpResponseCodec.java:40)
at org.openqa.selenium.remote.http.AbstractHttpResponseCodec.decode(AbstractHttpResponseCodec.java:80)
at org.openqa.selenium.remote.http.AbstractHttpResponseCodec.decode(AbstractHttpResponseCodec.java:44)
at org.openqa.selenium.remote.HttpCommandExecutor.execute(HttpCommandExecutor.java:158)
at io.appium.java_client.remote.AppiumCommandExecutor.execute(AppiumCommandExecutor.java:239)
at org.openqa.selenium.remote.RemoteWebDriver.execute(RemoteWebDriver.java:552)
at io.appium.java_client.DefaultGenericMobileDriver.execute(DefaultGenericMobileDriver.java:41)
at io.appium.java_client.AppiumDriver.execute(AppiumDriver.java:1)
at io.appium.java_client.ios.IOSDriver.execute(IOSDriver.java:1)
at org.openqa.selenium.remote.RemoteWebDriver.findElement(RemoteWebDriver.java:323)
at io.appium.java_client.DefaultGenericMobileDriver.findElement(DefaultGenericMobileDriver.java:61)
at io.appium.java_client.AppiumDriver.findElement(AppiumDriver.java:1)
at io.appium.java_client.ios.IOSDriver.findElement(IOSDriver.java:1)
at org.openqa.selenium.remote.RemoteWebDriver.findElementByXPath(RemoteWebDriver.java:428)
at io.appium.java_client.DefaultGenericMobileDriver.findElementByXPath(DefaultGenericMobileDriver.java:151)
at io.appium.java_client.AppiumDriver.findElementByXPath(AppiumDriver.java:1)
at io.appium.java_client.ios.IOSDriver.findElementByXPath(IOSDriver.java:1)
at org.openqa.selenium.By$ByXPath.findElement(By.java:353)
at org.openqa.selenium.remote.RemoteWebDriver.findElement(RemoteWebDriver.java:315)
at io.appium.java_client.DefaultGenericMobileDriver.findElement(DefaultGenericMobileDriver.java:57)
at io.appium.java_client.AppiumDriver.findElement(AppiumDriver.java:1)
at io.appium.java_client.ios.IOSDriver.findElement(IOSDriver.java:1)
at com.utility.Utilities.type(Utilities.java:816)
... 24 more
... Removed 19 stack frames]]>
    </failure>
  </testcase> <!-- paybillsRecentTransaction_PB_TC_19 -->
  <testcase classname="com.mlwallet.test.HappyPathScripts" name="sendMoneyToSavedRecipient_STB_TC_02" time="108.02">
    <failure type="java.lang.AssertionError" message="Could not send text By.xpath: //*[@name=&amp;apos;9XX XXX XXXX&amp;apos;]/XCUIElementTypeTextField">
      <![CDATA[java.lang.AssertionError: Could not send text By.xpath: //*[@name='9XX XXX XXXX']/XCUIElementTypeTextField
at com.utility.Utilities.type(Utilities.java:834)
at com.business.mlwallet.MLWalletLogin.mlWalletLogin(MLWalletLogin.java:26)
at com.business.mlwallet.MLWalletSendTransferToMLBranch.sendMoneyToSavedRecipient_STB_TC_02(MLWalletSendTransferToMLBranch.java:185)
at com.mlwallet.test.HappyPathScripts.sendMoneyToSavedRecipient_STB_TC_02(HappyPathScripts.java:43)
at java.base/java.util.ArrayList.forEach(ArrayList.java:1511)
at java.base/java.util.concurrent.FutureTask.run(FutureTask.java:317)
at java.base/java.util.concurrent.ThreadPoolExecutor.runWorker(ThreadPoolExecutor.java:1144)
at java.base/java.util.concurrent.ThreadPoolExecutor$Worker.run(ThreadPoolExecutor.java:642)
at java.base/java.lang.Thread.run(Thread.java:1623)
Caused by: org.openqa.selenium.NoSuchElementException: An element could not be located on the page using the given search parameters. (WARNING: The server did not provide any stacktrace information)
Command duration or timeout: 0 milliseconds
For documentation on this error, please visit: https://www.seleniumhq.org/exceptions/no_such_element.html
Build info: version: '3.141.59', revision: 'e82be7d358', time: '2018-11-14T08:17:03'
System info: host: 'HOTGDEV094', ip: '10.0.8.68', os.name: 'Windows 11', os.arch: 'amd64', os.version: '10.0', java.version: '20.0.1'
Driver info: io.appium.java_client.ios.IOSDriver
Capabilities {64bit: false, acceptSslCert: false, acceptSslCerts: false, automationName: XCUITest, biometricUserOptionAccessible: false, bootstrapPath: /usr/local/.browserstack/co..., browserName: , browserstack.appium_version: 1.21.0, browserstack.isTargetBased: false, browserstack.is_hub_canary: false, browserstack.minOSVersion: 12.4, bundleID: com.mlhuillier.mlwallet, bundleId: com.mlhuillier.mlwallet, capabilities: {64bit: false, acceptSslCert: false, acceptSslCerts: false, automationName: XCUITest, biometricUserOptionAccessible: false, bootstrapPath: /usr/local/.browserstack/co..., browserName: , browserstack.appium_version: 1.21.0, browserstack.isTargetBased: false, browserstack.is_hub_canary: false, browserstack.minOSVersion: 12.4, bundleID: com.mlhuillier.mlwallet, bundleId: com.mlhuillier.mlwallet, custom_replay_kit_params: {"rotation":"false","captur..., databaseEnabled: false, detected_language: selenium/3.141.59 (java win..., device: iphone, deviceName: iPhone 13 Pro Max, deviceOrientation: PORTRAIT, javascriptEnabled: true, locationContextEnabled: false, mobile: {browser: mobile, version: iPhone 13 Pro Max-15.6}, networkConnectionEnabled: false, newCommandTimeout: 0, new_bucketing: true, noReset: true, orientation: PORTRAIT, orig_os: ios, platform: MAC, platformName: iOS, realMobile: true, safariIgnoreFraudWarning: true, safariInitialUrl: http://mobile-internet-chec..., sessionId: 10cc2aeea996af9844d8eca86c6..., takesScreenshot: true, udid: 00008110-00145C881ABA401E, uiautomator2ServerLaunchTimeout: 60000, useXctestrunFile: true, version: , waitForQuiescence: false, wdaStartupRetries: 3, wda_port: 8404, webStorageEnabled: false, webkitResponseTimeout: 20000}, custom_replay_kit_params: {"rotation":"false","captur..., databaseEnabled: false, detected_language: selenium/3.141.59 (java win..., device: iphone, deviceName: iPhone 13 Pro Max, deviceOrientation: PORTRAIT, javascriptEnabled: true, locationContextEnabled: false, mobile: {browser: mobile, version: iPhone 13 Pro Max-15.6}, networkConnectionEnabled: false, newCommandTimeout: 0, new_bucketing: true, noReset: true, orientation: PORTRAIT, orig_os: ios, platform: MAC, platformName: iOS, realMobile: true, safariIgnoreFraudWarning: true, safariInitialUrl: http://mobile-internet-chec..., sessionId: 10cc2aeea996af9844d8eca86c6..., takesScreenshot: true, udid: 00008110-00145C881ABA401E, uiautomator2ServerLaunchTimeout: 60000, useXctestrunFile: true, version: , waitForQuiescence: false, wdaStartupRetries: 3, wda_port: 8404, webStorageEnabled: false, webkitResponseTimeout: 20000}
Session ID: 10cc2aeea996af9844d8eca86c636db3e5d4c42a
*** Element info: {Using=xpath, value=//*[@name='9XX XXX XXXX']/XCUIElementTypeTextField}
at org.openqa.selenium.remote.ErrorHandler.createThrowable(ErrorHandler.java:214)
at org.openqa.selenium.remote.ErrorHandler.throwIfResponseFailed(ErrorHandler.java:166)
at org.openqa.selenium.remote.http.JsonHttpResponseCodec.reconstructValue(JsonHttpResponseCodec.java:40)
at org.openqa.selenium.remote.http.AbstractHttpResponseCodec.decode(AbstractHttpResponseCodec.java:80)
at org.openqa.selenium.remote.http.AbstractHttpResponseCodec.decode(AbstractHttpResponseCodec.java:44)
at org.openqa.selenium.remote.HttpCommandExecutor.execute(HttpCommandExecutor.java:158)
at io.appium.java_client.remote.AppiumCommandExecutor.execute(AppiumCommandExecutor.java:239)
at org.openqa.selenium.remote.RemoteWebDriver.execute(RemoteWebDriver.java:552)
at io.appium.java_client.DefaultGenericMobileDriver.execute(DefaultGenericMobileDriver.java:41)
at io.appium.java_client.AppiumDriver.execute(AppiumDriver.java:1)
at io.appium.java_client.ios.IOSDriver.execute(IOSDriver.java:1)
at org.openqa.selenium.remote.RemoteWebDriver.findElement(RemoteWebDriver.java:323)
at io.appium.java_client.DefaultGenericMobileDriver.findElement(DefaultGenericMobileDriver.java:61)
at io.appium.java_client.AppiumDriver.findElement(AppiumDriver.java:1)
at io.appium.java_client.ios.IOSDriver.findElement(IOSDriver.java:1)
at org.openqa.selenium.remote.RemoteWebDriver.findElementByXPath(RemoteWebDriver.java:428)
at io.appium.java_client.DefaultGenericMobileDriver.findElementByXPath(DefaultGenericMobileDriver.java:151)
at io.appium.java_client.AppiumDriver.findElementByXPath(AppiumDriver.java:1)
at io.appium.java_client.ios.IOSDriver.findElementByXPath(IOSDriver.java:1)
at org.openqa.selenium.By$ByXPath.findElement(By.java:353)
at org.openqa.selenium.remote.RemoteWebDriver.findElement(RemoteWebDriver.java:315)
at io.appium.java_client.DefaultGenericMobileDriver.findElement(DefaultGenericMobileDriver.java:57)
at io.appium.java_client.AppiumDriver.findElement(AppiumDriver.java:1)
at io.appium.java_client.ios.IOSDriver.findElement(IOSDriver.java:1)
at com.utility.Utilities.type(Utilities.java:816)
... 24 more
... Removed 19 stack frames]]>
    </failure>
  </testcase> <!-- sendMoneyToSavedRecipient_STB_TC_02 -->
  <testcase classname="com.mlwallet.test.HappyPathScripts" name="sendMoneyMLWalletToExistingReceiver_STW_TC_02" time="104.374">
    <failure type="java.lang.AssertionError" message="Could not send text By.xpath: //*[@name=&amp;apos;9XX XXX XXXX&amp;apos;]/XCUIElementTypeTextField">
      <![CDATA[java.lang.AssertionError: Could not send text By.xpath: //*[@name='9XX XXX XXXX']/XCUIElementTypeTextField
at com.utility.Utilities.type(Utilities.java:834)
at com.business.mlwallet.MLWalletLogin.mlWalletLogin(MLWalletLogin.java:26)
at com.business.mlwallet.MLWalletSendTransferToMLWalletUser.sendMoneyMLWallet(MLWalletSendTransferToMLWalletUser.java:20)
at com.business.mlwallet.MLWalletSendTransferToMLWalletUser.sendMoneyMLWalletToExistingReceiver_STW_TC_02(MLWalletSendTransferToMLWalletUser.java:154)
at com.mlwallet.test.HappyPathScripts.sendMoneyMLWalletToExistingReceiver_STW_TC_02(HappyPathScripts.java:49)
at java.base/java.util.ArrayList.forEach(ArrayList.java:1511)
at java.base/java.util.concurrent.FutureTask.run(FutureTask.java:317)
at java.base/java.util.concurrent.ThreadPoolExecutor.runWorker(ThreadPoolExecutor.java:1144)
at java.base/java.util.concurrent.ThreadPoolExecutor$Worker.run(ThreadPoolExecutor.java:642)
at java.base/java.lang.Thread.run(Thread.java:1623)
Caused by: org.openqa.selenium.NoSuchElementException: An element could not be located on the page using the given search parameters. (WARNING: The server did not provide any stacktrace information)
Command duration or timeout: 0 milliseconds
For documentation on this error, please visit: https://www.seleniumhq.org/exceptions/no_such_element.html
Build info: version: '3.141.59', revision: 'e82be7d358', time: '2018-11-14T08:17:03'
System info: host: 'HOTGDEV094', ip: '10.0.8.68', os.name: 'Windows 11', os.arch: 'amd64', os.version: '10.0', java.version: '20.0.1'
Driver info: io.appium.java_client.ios.IOSDriver
Capabilities {64bit: false, acceptSslCert: false, acceptSslCerts: false, automationName: XCUITest, biometricUserOptionAccessible: false, bootstrapPath: /usr/local/.browserstack/co..., browserName: , browserstack.appium_version: 1.21.0, browserstack.isTargetBased: false, browserstack.is_hub_canary: false, browserstack.minOSVersion: 12.4, bundleID: com.mlhuillier.mlwallet, bundleId: com.mlhuillier.mlwallet, capabilities: {64bit: false, acceptSslCert: false, acceptSslCerts: false, automationName: XCUITest, biometricUserOptionAccessible: false, bootstrapPath: /usr/local/.browserstack/co..., browserName: , browserstack.appium_version: 1.21.0, browserstack.isTargetBased: false, browserstack.is_hub_canary: false, browserstack.minOSVersion: 12.4, bundleID: com.mlhuillier.mlwallet, bundleId: com.mlhuillier.mlwallet, custom_replay_kit_params: {"rotation":"false","captur..., databaseEnabled: false, detected_language: selenium/3.141.59 (java win..., device: iphone, deviceName: iPhone 13 Pro Max, deviceOrientation: PORTRAIT, javascriptEnabled: true, locationContextEnabled: false, mobile: {browser: mobile, version: iPhone 13 Pro Max-15.6}, networkConnectionEnabled: false, newCommandTimeout: 0, new_bucketing: true, noReset: true, orientation: PORTRAIT, orig_os: ios, platform: MAC, platformName: iOS, realMobile: true, safariIgnoreFraudWarning: true, safariInitialUrl: http://mobile-internet-chec..., sessionId: 10cc2aeea996af9844d8eca86c6..., takesScreenshot: true, udid: 00008110-00145C881ABA401E, uiautomator2ServerLaunchTimeout: 60000, useXctestrunFile: true, version: , waitForQuiescence: false, wdaStartupRetries: 3, wda_port: 8404, webStorageEnabled: false, webkitResponseTimeout: 20000}, custom_replay_kit_params: {"rotation":"false","captur..., databaseEnabled: false, detected_language: selenium/3.141.59 (java win..., device: iphone, deviceName: iPhone 13 Pro Max, deviceOrientation: PORTRAIT, javascriptEnabled: true, locationContextEnabled: false, mobile: {browser: mobile, version: iPhone 13 Pro Max-15.6}, networkConnectionEnabled: false, newCommandTimeout: 0, new_bucketing: true, noReset: true, orientation: PORTRAIT, orig_os: ios, platform: MAC, platformName: iOS, realMobile: true, safariIgnoreFraudWarning: true, safariInitialUrl: http://mobile-internet-chec..., sessionId: 10cc2aeea996af9844d8eca86c6..., takesScreenshot: true, udid: 00008110-00145C881ABA401E, uiautomator2ServerLaunchTimeout: 60000, useXctestrunFile: true, version: , waitForQuiescence: false, wdaStartupRetries: 3, wda_port: 8404, webStorageEnabled: false, webkitResponseTimeout: 20000}
Session ID: 10cc2aeea996af9844d8eca86c636db3e5d4c42a
*** Element info: {Using=xpath, value=//*[@name='9XX XXX XXXX']/XCUIElementTypeTextField}
at org.openqa.selenium.remote.ErrorHandler.createThrowable(ErrorHandler.java:214)
at org.openqa.selenium.remote.ErrorHandler.throwIfResponseFailed(ErrorHandler.java:166)
at org.openqa.selenium.remote.http.JsonHttpResponseCodec.reconstructValue(JsonHttpResponseCodec.java:40)
at org.openqa.selenium.remote.http.AbstractHttpResponseCodec.decode(AbstractHttpResponseCodec.java:80)
at org.openqa.selenium.remote.http.AbstractHttpResponseCodec.decode(AbstractHttpResponseCodec.java:44)
at org.openqa.selenium.remote.HttpCommandExecutor.execute(HttpCommandExecutor.java:158)
at io.appium.java_client.remote.AppiumCommandExecutor.execute(AppiumCommandExecutor.java:239)
at org.openqa.selenium.remote.RemoteWebDriver.execute(RemoteWebDriver.java:552)
at io.appium.java_client.DefaultGenericMobileDriver.execute(DefaultGenericMobileDriver.java:41)
at io.appium.java_client.AppiumDriver.execute(AppiumDriver.java:1)
at io.appium.java_client.ios.IOSDriver.execute(IOSDriver.java:1)
at org.openqa.selenium.remote.RemoteWebDriver.findElement(RemoteWebDriver.java:323)
at io.appium.java_client.DefaultGenericMobileDriver.findElement(DefaultGenericMobileDriver.java:61)
at io.appium.java_client.AppiumDriver.findElement(AppiumDriver.java:1)
at io.appium.java_client.ios.IOSDriver.findElement(IOSDriver.java:1)
at org.openqa.selenium.remote.RemoteWebDriver.findElementByXPath(RemoteWebDriver.java:428)
at io.appium.java_client.DefaultGenericMobileDriver.findElementByXPath(DefaultGenericMobileDriver.java:151)
at io.appium.java_client.AppiumDriver.findElementByXPath(AppiumDriver.java:1)
at io.appium.java_client.ios.IOSDriver.findElementByXPath(IOSDriver.java:1)
at org.openqa.selenium.By$ByXPath.findElement(By.java:353)
at org.openqa.selenium.remote.RemoteWebDriver.findElement(RemoteWebDriver.java:315)
at io.appium.java_client.DefaultGenericMobileDriver.findElement(DefaultGenericMobileDriver.java:57)
at io.appium.java_client.AppiumDriver.findElement(AppiumDriver.java:1)
at io.appium.java_client.ios.IOSDriver.findElement(IOSDriver.java:1)
at com.utility.Utilities.type(Utilities.java:816)
... 25 more
... Removed 19 stack frames]]>
    </failure>
  </testcase> <!-- sendMoneyMLWalletToExistingReceiver_STW_TC_02 -->
  <testcase classname="com.mlwallet.test.HappyPathScripts" name="shopItemsReviewingItemDetailsAndFeeBeforePlacingTheOrder_SI_TC_69" time="106.67">
    <failure type="java.lang.AssertionError" message="Could not send text By.xpath: //*[@name=&amp;apos;9XX XXX XXXX&amp;apos;]/XCUIElementTypeTextField">
      <![CDATA[java.lang.AssertionError: Could not send text By.xpath: //*[@name='9XX XXX XXXX']/XCUIElementTypeTextField
at com.utility.Utilities.type(Utilities.java:834)
at com.business.mlwallet.MLWalletLogin.mlWalletLogin(MLWalletLogin.java:26)
at com.business.mlwallet.MLWalletShopItems.shopItemsReviewingItemDetailsAndFeeBeforePlacingTheOrder_SI_TC_69(MLWalletShopItems.java:4177)
at com.mlwallet.test.HappyPathScripts.shopItemsReviewingItemDetailsAndFeeBeforePlacingTheOrder_SI_TC_69(HappyPathScripts.java:54)
at java.base/java.util.ArrayList.forEach(ArrayList.java:1511)
at java.base/java.util.concurrent.FutureTask.run(FutureTask.java:317)
at java.base/java.util.concurrent.ThreadPoolExecutor.runWorker(ThreadPoolExecutor.java:1144)
at java.base/java.util.concurrent.ThreadPoolExecutor$Worker.run(ThreadPoolExecutor.java:642)
at java.base/java.lang.Thread.run(Thread.java:1623)
Caused by: org.openqa.selenium.NoSuchElementException: An element could not be located on the page using the given search parameters. (WARNING: The server did not provide any stacktrace information)
Command duration or timeout: 0 milliseconds
For documentation on this error, please visit: https://www.seleniumhq.org/exceptions/no_such_element.html
Build info: version: '3.141.59', revision: 'e82be7d358', time: '2018-11-14T08:17:03'
System info: host: 'HOTGDEV094', ip: '10.0.8.68', os.name: 'Windows 11', os.arch: 'amd64', os.version: '10.0', java.version: '20.0.1'
Driver info: io.appium.java_client.ios.IOSDriver
Capabilities {64bit: false, acceptSslCert: false, acceptSslCerts: false, automationName: XCUITest, biometricUserOptionAccessible: false, bootstrapPath: /usr/local/.browserstack/co..., browserName: , browserstack.appium_version: 1.21.0, browserstack.isTargetBased: false, browserstack.is_hub_canary: false, browserstack.minOSVersion: 12.4, bundleID: com.mlhuillier.mlwallet, bundleId: com.mlhuillier.mlwallet, capabilities: {64bit: false, acceptSslCert: false, acceptSslCerts: false, automationName: XCUITest, biometricUserOptionAccessible: false, bootstrapPath: /usr/local/.browserstack/co..., browserName: , browserstack.appium_version: 1.21.0, browserstack.isTargetBased: false, browserstack.is_hub_canary: false, browserstack.minOSVersion: 12.4, bundleID: com.mlhuillier.mlwallet, bundleId: com.mlhuillier.mlwallet, custom_replay_kit_params: {"rotation":"false","captur..., databaseEnabled: false, detected_language: selenium/3.141.59 (java win..., device: iphone, deviceName: iPhone 13 Pro Max, deviceOrientation: PORTRAIT, javascriptEnabled: true, locationContextEnabled: false, mobile: {browser: mobile, version: iPhone 13 Pro Max-15.6}, networkConnectionEnabled: false, newCommandTimeout: 0, new_bucketing: true, noReset: true, orientation: PORTRAIT, orig_os: ios, platform: MAC, platformName: iOS, realMobile: true, safariIgnoreFraudWarning: true, safariInitialUrl: http://mobile-internet-chec..., sessionId: 10cc2aeea996af9844d8eca86c6..., takesScreenshot: true, udid: 00008110-00145C881ABA401E, uiautomator2ServerLaunchTimeout: 60000, useXctestrunFile: true, version: , waitForQuiescence: false, wdaStartupRetries: 3, wda_port: 8404, webStorageEnabled: false, webkitResponseTimeout: 20000}, custom_replay_kit_params: {"rotation":"false","captur..., databaseEnabled: false, detected_language: selenium/3.141.59 (java win..., device: iphone, deviceName: iPhone 13 Pro Max, deviceOrientation: PORTRAIT, javascriptEnabled: true, locationContextEnabled: false, mobile: {browser: mobile, version: iPhone 13 Pro Max-15.6}, networkConnectionEnabled: false, newCommandTimeout: 0, new_bucketing: true, noReset: true, orientation: PORTRAIT, orig_os: ios, platform: MAC, platformName: iOS, realMobile: true, safariIgnoreFraudWarning: true, safariInitialUrl: http://mobile-internet-chec..., sessionId: 10cc2aeea996af9844d8eca86c6..., takesScreenshot: true, udid: 00008110-00145C881ABA401E, uiautomator2ServerLaunchTimeout: 60000, useXctestrunFile: true, version: , waitForQuiescence: false, wdaStartupRetries: 3, wda_port: 8404, webStorageEnabled: false, webkitResponseTimeout: 20000}
Session ID: 10cc2aeea996af9844d8eca86c636db3e5d4c42a
*** Element info: {Using=xpath, value=//*[@name='9XX XXX XXXX']/XCUIElementTypeTextField}
at org.openqa.selenium.remote.ErrorHandler.createThrowable(ErrorHandler.java:214)
at org.openqa.selenium.remote.ErrorHandler.throwIfResponseFailed(ErrorHandler.java:166)
at org.openqa.selenium.remote.http.JsonHttpResponseCodec.reconstructValue(JsonHttpResponseCodec.java:40)
at org.openqa.selenium.remote.http.AbstractHttpResponseCodec.decode(AbstractHttpResponseCodec.java:80)
at org.openqa.selenium.remote.http.AbstractHttpResponseCodec.decode(AbstractHttpResponseCodec.java:44)
at org.openqa.selenium.remote.HttpCommandExecutor.execute(HttpCommandExecutor.java:158)
at io.appium.java_client.remote.AppiumCommandExecutor.execute(AppiumCommandExecutor.java:239)
at org.openqa.selenium.remote.RemoteWebDriver.execute(RemoteWebDriver.java:552)
at io.appium.java_client.DefaultGenericMobileDriver.execute(DefaultGenericMobileDriver.java:41)
at io.appium.java_client.AppiumDriver.execute(AppiumDriver.java:1)
at io.appium.java_client.ios.IOSDriver.execute(IOSDriver.java:1)
at org.openqa.selenium.remote.RemoteWebDriver.findElement(RemoteWebDriver.java:323)
at io.appium.java_client.DefaultGenericMobileDriver.findElement(DefaultGenericMobileDriver.java:61)
at io.appium.java_client.AppiumDriver.findElement(AppiumDriver.java:1)
at io.appium.java_client.ios.IOSDriver.findElement(IOSDriver.java:1)
at org.openqa.selenium.remote.RemoteWebDriver.findElementByXPath(RemoteWebDriver.java:428)
at io.appium.java_client.DefaultGenericMobileDriver.findElementByXPath(DefaultGenericMobileDriver.java:151)
at io.appium.java_client.AppiumDriver.findElementByXPath(AppiumDriver.java:1)
at io.appium.java_client.ios.IOSDriver.findElementByXPath(IOSDriver.java:1)
at org.openqa.selenium.By$ByXPath.findElement(By.java:353)
at org.openqa.selenium.remote.RemoteWebDriver.findElement(RemoteWebDriver.java:315)
at io.appium.java_client.DefaultGenericMobileDriver.findElement(DefaultGenericMobileDriver.java:57)
at io.appium.java_client.AppiumDriver.findElement(AppiumDriver.java:1)
at io.appium.java_client.ios.IOSDriver.findElement(IOSDriver.java:1)
at com.utility.Utilities.type(Utilities.java:816)
... 24 more
... Removed 19 stack frames]]>
    </failure>
  </testcase> <!-- shopItemsReviewingItemDetailsAndFeeBeforePlacingTheOrder_SI_TC_69 -->
  <testcase classname="com.mlwallet.test.HappyPathScripts" name="topUpGamesSuccessfulLoadTransaction_TUG_TC_06" time="103.848">
    <failure type="java.lang.AssertionError" message="Could not send text By.xpath: //*[@name=&amp;apos;9XX XXX XXXX&amp;apos;]/XCUIElementTypeTextField">
      <![CDATA[java.lang.AssertionError: Could not send text By.xpath: //*[@name='9XX XXX XXXX']/XCUIElementTypeTextField
at com.utility.Utilities.type(Utilities.java:834)
at com.business.mlwallet.MLWalletLogin.mlWalletLogin(MLWalletLogin.java:26)
at com.business.mlwallet.MLWalletTopUpGames.topUpGamesSuccessfulLoadTransaction_TUG_TC_06(MLWalletTopUpGames.java:73)
at com.mlwallet.test.HappyPathScripts.topUpGamesSuccessfulLoadTransaction_TUG_TC_06(HappyPathScripts.java:59)
at java.base/java.util.ArrayList.forEach(ArrayList.java:1511)
at java.base/java.util.concurrent.FutureTask.run(FutureTask.java:317)
at java.base/java.util.concurrent.ThreadPoolExecutor.runWorker(ThreadPoolExecutor.java:1144)
at java.base/java.util.concurrent.ThreadPoolExecutor$Worker.run(ThreadPoolExecutor.java:642)
at java.base/java.lang.Thread.run(Thread.java:1623)
Caused by: org.openqa.selenium.NoSuchElementException: An element could not be located on the page using the given search parameters. (WARNING: The server did not provide any stacktrace information)
Command duration or timeout: 0 milliseconds
For documentation on this error, please visit: https://www.seleniumhq.org/exceptions/no_such_element.html
Build info: version: '3.141.59', revision: 'e82be7d358', time: '2018-11-14T08:17:03'
System info: host: 'HOTGDEV094', ip: '10.0.8.68', os.name: 'Windows 11', os.arch: 'amd64', os.version: '10.0', java.version: '20.0.1'
Driver info: io.appium.java_client.ios.IOSDriver
Capabilities {64bit: false, acceptSslCert: false, acceptSslCerts: false, automationName: XCUITest, biometricUserOptionAccessible: false, bootstrapPath: /usr/local/.browserstack/co..., browserName: , browserstack.appium_version: 1.21.0, browserstack.isTargetBased: false, browserstack.is_hub_canary: false, browserstack.minOSVersion: 12.4, bundleID: com.mlhuillier.mlwallet, bundleId: com.mlhuillier.mlwallet, capabilities: {64bit: false, acceptSslCert: false, acceptSslCerts: false, automationName: XCUITest, biometricUserOptionAccessible: false, bootstrapPath: /usr/local/.browserstack/co..., browserName: , browserstack.appium_version: 1.21.0, browserstack.isTargetBased: false, browserstack.is_hub_canary: false, browserstack.minOSVersion: 12.4, bundleID: com.mlhuillier.mlwallet, bundleId: com.mlhuillier.mlwallet, custom_replay_kit_params: {"rotation":"false","captur..., databaseEnabled: false, detected_language: selenium/3.141.59 (java win..., device: iphone, deviceName: iPhone 13 Pro Max, deviceOrientation: PORTRAIT, javascriptEnabled: true, locationContextEnabled: false, mobile: {browser: mobile, version: iPhone 13 Pro Max-15.6}, networkConnectionEnabled: false, newCommandTimeout: 0, new_bucketing: true, noReset: true, orientation: PORTRAIT, orig_os: ios, platform: MAC, platformName: iOS, realMobile: true, safariIgnoreFraudWarning: true, safariInitialUrl: http://mobile-internet-chec..., sessionId: 10cc2aeea996af9844d8eca86c6..., takesScreenshot: true, udid: 00008110-00145C881ABA401E, uiautomator2ServerLaunchTimeout: 60000, useXctestrunFile: true, version: , waitForQuiescence: false, wdaStartupRetries: 3, wda_port: 8404, webStorageEnabled: false, webkitResponseTimeout: 20000}, custom_replay_kit_params: {"rotation":"false","captur..., databaseEnabled: false, detected_language: selenium/3.141.59 (java win..., device: iphone, deviceName: iPhone 13 Pro Max, deviceOrientation: PORTRAIT, javascriptEnabled: true, locationContextEnabled: false, mobile: {browser: mobile, version: iPhone 13 Pro Max-15.6}, networkConnectionEnabled: false, newCommandTimeout: 0, new_bucketing: true, noReset: true, orientation: PORTRAIT, orig_os: ios, platform: MAC, platformName: iOS, realMobile: true, safariIgnoreFraudWarning: true, safariInitialUrl: http://mobile-internet-chec..., sessionId: 10cc2aeea996af9844d8eca86c6..., takesScreenshot: true, udid: 00008110-00145C881ABA401E, uiautomator2ServerLaunchTimeout: 60000, useXctestrunFile: true, version: , waitForQuiescence: false, wdaStartupRetries: 3, wda_port: 8404, webStorageEnabled: false, webkitResponseTimeout: 20000}
Session ID: 10cc2aeea996af9844d8eca86c636db3e5d4c42a
*** Element info: {Using=xpath, value=//*[@name='9XX XXX XXXX']/XCUIElementTypeTextField}
at org.openqa.selenium.remote.ErrorHandler.createThrowable(ErrorHandler.java:214)
at org.openqa.selenium.remote.ErrorHandler.throwIfResponseFailed(ErrorHandler.java:166)
at org.openqa.selenium.remote.http.JsonHttpResponseCodec.reconstructValue(JsonHttpResponseCodec.java:40)
at org.openqa.selenium.remote.http.AbstractHttpResponseCodec.decode(AbstractHttpResponseCodec.java:80)
at org.openqa.selenium.remote.http.AbstractHttpResponseCodec.decode(AbstractHttpResponseCodec.java:44)
at org.openqa.selenium.remote.HttpCommandExecutor.execute(HttpCommandExecutor.java:158)
at io.appium.java_client.remote.AppiumCommandExecutor.execute(AppiumCommandExecutor.java:239)
at org.openqa.selenium.remote.RemoteWebDriver.execute(RemoteWebDriver.java:552)
at io.appium.java_client.DefaultGenericMobileDriver.execute(DefaultGenericMobileDriver.java:41)
at io.appium.java_client.AppiumDriver.execute(AppiumDriver.java:1)
at io.appium.java_client.ios.IOSDriver.execute(IOSDriver.java:1)
at org.openqa.selenium.remote.RemoteWebDriver.findElement(RemoteWebDriver.java:323)
at io.appium.java_client.DefaultGenericMobileDriver.findElement(DefaultGenericMobileDriver.java:61)
at io.appium.java_client.AppiumDriver.findElement(AppiumDriver.java:1)
at io.appium.java_client.ios.IOSDriver.findElement(IOSDriver.java:1)
at org.openqa.selenium.remote.RemoteWebDriver.findElementByXPath(RemoteWebDriver.java:428)
at io.appium.java_client.DefaultGenericMobileDriver.findElementByXPath(DefaultGenericMobileDriver.java:151)
at io.appium.java_client.AppiumDriver.findElementByXPath(AppiumDriver.java:1)
at io.appium.java_client.ios.IOSDriver.findElementByXPath(IOSDriver.java:1)
at org.openqa.selenium.By$ByXPath.findElement(By.java:353)
at org.openqa.selenium.remote.RemoteWebDriver.findElement(RemoteWebDriver.java:315)
at io.appium.java_client.DefaultGenericMobileDriver.findElement(DefaultGenericMobileDriver.java:57)
at io.appium.java_client.AppiumDriver.findElement(AppiumDriver.java:1)
at io.appium.java_client.ios.IOSDriver.findElement(IOSDriver.java:1)
at com.utility.Utilities.type(Utilities.java:816)
... 24 more
... Removed 19 stack frames]]>
    </failure>
  </testcase> <!-- topUpGamesSuccessfulLoadTransaction_TUG_TC_06 -->
</testsuite> <!-- BrowserStack_Demo2 -->
