<?xml version="1.0" encoding="UTF-8"?>
<testsuite xmlns:xsi="http://www.w3.org/2001/XMLSchema-instance" xsi:noNamespaceSchemaLocation="https://maven.apache.org/surefire/maven-surefire-plugin/xsd/surefire-test-report.xsd" name="TestSuite" time="1,396.902" tests="10" errors="0" skipped="0" failures="10">
  <properties>
[...]
</properties>
  <testcase name="buyELoadSuccessfulTransactionUIValidation_BE_TC_26" classname="com.mlwallet.test.HappyPathScripts" time="252.839">
    <failure message="An element could not be located on the page using the given search parameters. (WARNING: The server did not provide any stacktrace information)&#10;Command duration or timeout: 0 milliseconds&#10;For documentation on this error, please visit: https://www.seleniumhq.org/exceptions/no_such_element.html&#10;Build info: version: &apos;3.141.59&apos;, revision: &apos;e82be7d358&apos;, time: &apos;2018-11-14T08:17:03&apos;&#10;System info: host: &apos;HOTGDEV094&apos;, ip: &apos;10.0.8.68&apos;, os.name: &apos;Windows 11&apos;, os.arch: &apos;amd64&apos;, os.version: &apos;10.0&apos;, java.version: &apos;20.0.1&apos;&#10;Driver info: io.appium.java_client.ios.IOSDriver&#10;Capabilities {64bit: false, acceptSslCert: false, acceptSslCerts: false, automationName: XCUITest, biometricUserOptionAccessible: false, bootstrapPath: /usr/local/.browserstack/co..., browserName: , browserstack.appium_version: 1.21.0, browserstack.isTargetBased: false, browserstack.is_hub_canary: false, browserstack.minOSVersion: 12.4, bundleID: com.mlhuillier.mlwallet, bundleId: com.mlhuillier.mlwallet, capabilities: {64bit: false, acceptSslCert: false, acceptSslCerts: false, automationName: XCUITest, biometricUserOptionAccessible: false, bootstrapPath: /usr/local/.browserstack/co..., browserName: , browserstack.appium_version: 1.21.0, browserstack.isTargetBased: false, browserstack.is_hub_canary: false, browserstack.minOSVersion: 12.4, bundleID: com.mlhuillier.mlwallet, bundleId: com.mlhuillier.mlwallet, custom_replay_kit_params: {&quot;rotation&quot;:&quot;false&quot;,&quot;captur..., databaseEnabled: false, detected_language: selenium/3.141.59 (java win..., device: iphone, deviceName: iPhone 13 Pro Max, deviceOrientation: PORTRAIT, javascriptEnabled: true, locationContextEnabled: false, mobile: {browser: mobile, version: iPhone 13 Pro Max-15.6}, networkConnectionEnabled: false, newCommandTimeout: 0, new_bucketing: true, noReset: true, orientation: PORTRAIT, orig_os: ios, platform: MAC, platformName: iOS, realMobile: true, safariIgnoreFraudWarning: true, safariInitialUrl: http://mobile-internet-chec..., sessionId: 10cc2aeea996af9844d8eca86c6..., takesScreenshot: true, udid: 00008110-00145C881ABA401E, uiautomator2ServerLaunchTimeout: 60000, useXctestrunFile: true, version: , waitForQuiescence: false, wdaStartupRetries: 3, wda_port: 8404, webStorageEnabled: false, webkitResponseTimeout: 20000}, custom_replay_kit_params: {&quot;rotation&quot;:&quot;false&quot;,&quot;captur..., databaseEnabled: false, detected_language: selenium/3.141.59 (java win..., device: iphone, deviceName: iPhone 13 Pro Max, deviceOrientation: PORTRAIT, javascriptEnabled: true, locationContextEnabled: false, mobile: {browser: mobile, version: iPhone 13 Pro Max-15.6}, networkConnectionEnabled: false, newCommandTimeout: 0, new_bucketing: true, noReset: true, orientation: PORTRAIT, orig_os: ios, platform: MAC, platformName: iOS, realMobile: true, safariIgnoreFraudWarning: true, safariInitialUrl: http://mobile-internet-chec..., sessionId: 10cc2aeea996af9844d8eca86c6..., takesScreenshot: true, udid: 00008110-00145C881ABA401E, uiautomator2ServerLaunchTimeout: 60000, useXctestrunFile: true, version: , waitForQuiescence: false, wdaStartupRetries: 3, wda_port: 8404, webStorageEnabled: false, webkitResponseTimeout: 20000}&#10;Session ID: 10cc2aeea996af9844d8eca86c636db3e5d4c42a&#10;*** Element info: {Using=xpath, value=//*[@label=&apos;Regular Load&apos;]}" type="org.openqa.selenium.NoSuchElementException">org.openqa.selenium.NoSuchElementException: 
An element could not be located on the page using the given search parameters. (WARNING: The server did not provide any stacktrace information)
Command duration or timeout: 0 milliseconds
For documentation on this error, please visit: https://www.seleniumhq.org/exceptions/no_such_element.html
Build info: version: '3.141.59', revision: 'e82be7d358', time: '2018-11-14T08:17:03'
System info: host: 'HOTGDEV094', ip: '10.0.8.68', os.name: 'Windows 11', os.arch: 'amd64', os.version: '10.0', java.version: '20.0.1'
Driver info: io.appium.java_client.ios.IOSDriver
Capabilities {64bit: false, acceptSslCert: false, acceptSslCerts: false, automationName: XCUITest, biometricUserOptionAccessible: false, bootstrapPath: /usr/local/.browserstack/co..., browserName: , browserstack.appium_version: 1.21.0, browserstack.isTargetBased: false, browserstack.is_hub_canary: false, browserstack.minOSVersion: 12.4, bundleID: com.mlhuillier.mlwallet, bundleId: com.mlhuillier.mlwallet, capabilities: {64bit: false, acceptSslCert: false, acceptSslCerts: false, automationName: XCUITest, biometricUserOptionAccessible: false, bootstrapPath: /usr/local/.browserstack/co..., browserName: , browserstack.appium_version: 1.21.0, browserstack.isTargetBased: false, browserstack.is_hub_canary: false, browserstack.minOSVersion: 12.4, bundleID: com.mlhuillier.mlwallet, bundleId: com.mlhuillier.mlwallet, custom_replay_kit_params: {"rotation":"false","captur..., databaseEnabled: false, detected_language: selenium/3.141.59 (java win..., device: iphone, deviceName: iPhone 13 Pro Max, deviceOrientation: PORTRAIT, javascriptEnabled: true, locationContextEnabled: false, mobile: {browser: mobile, version: iPhone 13 Pro Max-15.6}, networkConnectionEnabled: false, newCommandTimeout: 0, new_bucketing: true, noReset: true, orientation: PORTRAIT, orig_os: ios, platform: MAC, platformName: iOS, realMobile: true, safariIgnoreFraudWarning: true, safariInitialUrl: http://mobile-internet-chec..., sessionId: 10cc2aeea996af9844d8eca86c6..., takesScreenshot: true, udid: 00008110-00145C881ABA401E, uiautomator2ServerLaunchTimeout: 60000, useXctestrunFile: true, version: , waitForQuiescence: false, wdaStartupRetries: 3, wda_port: 8404, webStorageEnabled: false, webkitResponseTimeout: 20000}, custom_replay_kit_params: {"rotation":"false","captur..., databaseEnabled: false, detected_language: selenium/3.141.59 (java win..., device: iphone, deviceName: iPhone 13 Pro Max, deviceOrientation: PORTRAIT, javascriptEnabled: true, locationContextEnabled: false, mobile: {browser: mobile, version: iPhone 13 Pro Max-15.6}, networkConnectionEnabled: false, newCommandTimeout: 0, new_bucketing: true, noReset: true, orientation: PORTRAIT, orig_os: ios, platform: MAC, platformName: iOS, realMobile: true, safariIgnoreFraudWarning: true, safariInitialUrl: http://mobile-internet-chec..., sessionId: 10cc2aeea996af9844d8eca86c6..., takesScreenshot: true, udid: 00008110-00145C881ABA401E, uiautomator2ServerLaunchTimeout: 60000, useXctestrunFile: true, version: , waitForQuiescence: false, wdaStartupRetries: 3, wda_port: 8404, webStorageEnabled: false, webkitResponseTimeout: 20000}
Session ID: 10cc2aeea996af9844d8eca86c636db3e5d4c42a
*** Element info: {Using=xpath, value=//*[@label='Regular Load']}
	at com.mlwallet.test.HappyPathScripts.buyELoadSuccessfulTransactionUIValidation_BE_TC_26(HappyPathScripts.java:13)
</failure>
    <system-out><![CDATA[2024-03-06 14:31:29,345 main ERROR Unable to locate appender "FILE" for logger config "root"
fileName BrowserStack_Demo2__2024_03_06_14_31_29.html
2024-03-06 14:31:34,528 [TestNG-tests-1] INFO  binary_data_logger - PlatForm :: IOSBrowserStack
2024-03-06 14:31:34,546 [TestNG-tests-1] INFO  binary_data_logger - Running Test :: BrowserStack_Demo2
2024-03-06 14:31:34,546 [TestNG-tests-1] INFO  binary_data_logger - Run Mode :: YES
Capability-iOSBrowserStack
2024-03-06 14:32:24,562 [TestNG-tests-1] INFO  binary_data_logger - windows 11
2024-03-06 14:32:24,620 [TestNG-tests-1] INFO  binary_data_logger - :::::::::Test buyELoadSuccessfulTransactionUIValidation_BE_TC_26 Started::::::::
2024-03-06 14:33:00,750 [TestNG-tests-1] INFO  binary_data_logger - Change number page is not displayed
2024-03-06 14:33:02,111 [TestNG-tests-1] INFO  binary_data_logger - null is displayed
2024-03-06 14:33:03,585 [TestNG-tests-1] INFO  binary_data_logger - Clicked on Allow Notif Button
2024-03-06 14:33:06,162 [TestNG-tests-1] INFO  binary_data_logger - Typed the value 9999999934 into Mobile Number Text Field
2024-03-06 14:33:08,620 [TestNG-tests-1] INFO  binary_data_logger - Clicked on Login Button
2024-03-06 14:33:39,983 [TestNG-tests-1] INFO  binary_data_logger - Continue Button Pop Up is not displayed
2024-03-06 14:33:42,274 [TestNG-tests-1] INFO  binary_data_logger - One Time Pin Page is displayed
2024-03-06 14:33:48,050 [TestNG-tests-1] INFO  binary_data_logger - One Time Pin Page is displayed
2024-03-06 14:33:49,295 [TestNG-tests-1] INFO  binary_data_logger - OTP text Field is displayed
2024-03-06 14:33:50,599 [TestNG-tests-1] INFO  binary_data_logger - Clicked on OTP text Field
2024-03-06 14:33:54,089 [TestNG-tests-1] INFO  binary_data_logger - Clicked on 1 OTP
2024-03-06 14:33:56,321 [TestNG-tests-1] INFO  binary_data_logger - Clicked on 1 OTP
2024-03-06 14:33:58,720 [TestNG-tests-1] INFO  binary_data_logger - Clicked on 1 OTP
2024-03-06 14:34:00,944 [TestNG-tests-1] INFO  binary_data_logger - Clicked on 1 OTP
2024-03-06 14:34:03,201 [TestNG-tests-1] INFO  binary_data_logger - Clicked on 1 OTP
2024-03-06 14:34:05,413 [TestNG-tests-1] INFO  binary_data_logger - Clicked on 1 OTP
2024-03-06 14:34:10,659 [TestNG-tests-1] INFO  binary_data_logger - Clicked on 1 MPIN
2024-03-06 14:34:12,660 [TestNG-tests-1] INFO  binary_data_logger - Clicked on 1 MPIN
2024-03-06 14:34:14,857 [TestNG-tests-1] INFO  binary_data_logger - Clicked on 1 MPIN
2024-03-06 14:34:16,974 [TestNG-tests-1] INFO  binary_data_logger - Clicked on 1 MPIN
2024-03-06 14:34:21,231 [TestNG-tests-1] INFO  binary_data_logger - Clicked on 1 MPIN
2024-03-06 14:34:21,231 [TestNG-tests-1] INFO  binary_data_logger - MPin MPIN 11111 Successfully
2024-03-06 14:34:54,437 [TestNG-tests-1] INFO  binary_data_logger - Something Went Wrong Occured is not displayed
2024-03-06 14:34:58,133 [TestNG-tests-1] INFO  binary_data_logger - Usable Balance Text is displayed
2024-03-06 14:34:58,133 [TestNG-tests-1] INFO  binary_data_logger - Application Logged In Successfully
2024-03-06 14:34:59,629 [TestNG-tests-1] INFO  binary_data_logger - Clicked on Buy eLoad
2024-03-06 14:35:09,530 [TestNG-tests-1] INFO  binary_data_logger - SMART telco option is displayed
2024-03-06 14:35:10,646 [TestNG-tests-1] INFO  binary_data_logger - Clicked on SMART telco option
2024-03-06 14:35:11,841 [TestNG-tests-1] INFO  binary_data_logger - Clicked on Mobile Number Field
2024-03-06 14:35:13,246 [TestNG-tests-1] INFO  binary_data_logger - Typed the value 9181111111 into Mobile Number Field
2024-03-06 14:35:17,547 [TestNG-tests-1] INFO  binary_data_logger - Clicked on Next Button
2024-03-06 14:35:23,691 [TestNG-tests-1] INFO  binary_data_logger - Clicked on Next Button
2024-03-06 14:35:59,881 [TestNG-tests-1] INFO  binary_data_logger - Load Selection Page is not displayed
2024-03-06 14:36:03,889 [TestNG-tests-1] INFO  binary_data_logger - RP_MESSAGE#FILE#C:\Users\MERC20~1\AppData\Local\Temp\screenshot4334091793393494531.png#Attachment
2024-03-06 14:36:37,456 [TestNG-tests-1] INFO  binary_data_logger - RP_MESSAGE#FILE#C:\Users\MERC20~1\AppData\Local\Temp\screenshot8983958805227408648.png#Attachment
2024-03-06 14:36:37,457 [TestNG-tests-1] INFO  binary_data_logger - ::::::::::Test buyELoadSuccessfulTransactionUIValidation_BE_TC_26 FAILED::::::::::
2024-03-06 14:36:37,457 [TestNG-tests-1] INFO  binary_data_logger - ::::::::::Relaunching The App::::::::::
]]></system-out>
    <system-err><![CDATA[SLF4J: Class path contains multiple SLF4J bindings.
SLF4J: Found binding in [jar:file:/C:/Users/MERC20236872/.m2/repository/org/slf4j/slf4j-jdk14/1.7.25/slf4j-jdk14-1.7.25.jar!/org/slf4j/impl/StaticLoggerBinder.class]
SLF4J: Found binding in [jar:file:/C:/Users/MERC20236872/.m2/repository/ch/qos/logback/logback-classic/1.2.3/logback-classic-1.2.3.jar!/org/slf4j/impl/StaticLoggerBinder.class]
SLF4J: See http://www.slf4j.org/codes.html#multiple_bindings for an explanation.
SLF4J: Actual binding is of type [org.slf4j.impl.JDK14LoggerFactory]
Mar 06, 2024 2:32:22 PM io.appium.java_client.remote.AppiumCommandExecutor$1 lambda$0
INFO: Detected dialect: OSS
]]></system-err>
  </testcase>
  <testcase name="cashInViaBankSemiVerifiedTierStatusTransaction_CIBA_TC_25" classname="com.mlwallet.test.HappyPathScripts" time="106.705">
    <failure message="Could not send text By.xpath: //*[@name=&apos;9XX XXX XXXX&apos;]/XCUIElementTypeTextField" type="java.lang.AssertionError">java.lang.AssertionError: Could not send text By.xpath: //*[@name='9XX XXX XXXX']/XCUIElementTypeTextField
	at com.mlwallet.test.HappyPathScripts.cashInViaBankSemiVerifiedTierStatusTransaction_CIBA_TC_25(HappyPathScripts.java:18)
Caused by: org.openqa.selenium.NoSuchElementException: 
An element could not be located on the page using the given search parameters. (WARNING: The server did not provide any stacktrace information)
Command duration or timeout: 0 milliseconds
For documentation on this error, please visit: https://www.seleniumhq.org/exceptions/no_such_element.html
Build info: version: '3.141.59', revision: 'e82be7d358', time: '2018-11-14T08:17:03'
System info: host: 'HOTGDEV094', ip: '10.0.8.68', os.name: 'Windows 11', os.arch: 'amd64', os.version: '10.0', java.version: '20.0.1'
Driver info: io.appium.java_client.ios.IOSDriver
Capabilities {64bit: false, acceptSslCert: false, acceptSslCerts: false, automationName: XCUITest, biometricUserOptionAccessible: false, bootstrapPath: /usr/local/.browserstack/co..., browserName: , browserstack.appium_version: 1.21.0, browserstack.isTargetBased: false, browserstack.is_hub_canary: false, browserstack.minOSVersion: 12.4, bundleID: com.mlhuillier.mlwallet, bundleId: com.mlhuillier.mlwallet, capabilities: {64bit: false, acceptSslCert: false, acceptSslCerts: false, automationName: XCUITest, biometricUserOptionAccessible: false, bootstrapPath: /usr/local/.browserstack/co..., browserName: , browserstack.appium_version: 1.21.0, browserstack.isTargetBased: false, browserstack.is_hub_canary: false, browserstack.minOSVersion: 12.4, bundleID: com.mlhuillier.mlwallet, bundleId: com.mlhuillier.mlwallet, custom_replay_kit_params: {"rotation":"false","captur..., databaseEnabled: false, detected_language: selenium/3.141.59 (java win..., device: iphone, deviceName: iPhone 13 Pro Max, deviceOrientation: PORTRAIT, javascriptEnabled: true, locationContextEnabled: false, mobile: {browser: mobile, version: iPhone 13 Pro Max-15.6}, networkConnectionEnabled: false, newCommandTimeout: 0, new_bucketing: true, noReset: true, orientation: PORTRAIT, orig_os: ios, platform: MAC, platformName: iOS, realMobile: true, safariIgnoreFraudWarning: true, safariInitialUrl: http://mobile-internet-chec..., sessionId: 10cc2aeea996af9844d8eca86c6..., takesScreenshot: true, udid: 00008110-00145C881ABA401E, uiautomator2ServerLaunchTimeout: 60000, useXctestrunFile: true, version: , waitForQuiescence: false, wdaStartupRetries: 3, wda_port: 8404, webStorageEnabled: false, webkitResponseTimeout: 20000}, custom_replay_kit_params: {"rotation":"false","captur..., databaseEnabled: false, detected_language: selenium/3.141.59 (java win..., device: iphone, deviceName: iPhone 13 Pro Max, deviceOrientation: PORTRAIT, javascriptEnabled: true, locationContextEnabled: false, mobile: {browser: mobile, version: iPhone 13 Pro Max-15.6}, networkConnectionEnabled: false, newCommandTimeout: 0, new_bucketing: true, noReset: true, orientation: PORTRAIT, orig_os: ios, platform: MAC, platformName: iOS, realMobile: true, safariIgnoreFraudWarning: true, safariInitialUrl: http://mobile-internet-chec..., sessionId: 10cc2aeea996af9844d8eca86c6..., takesScreenshot: true, udid: 00008110-00145C881ABA401E, uiautomator2ServerLaunchTimeout: 60000, useXctestrunFile: true, version: , waitForQuiescence: false, wdaStartupRetries: 3, wda_port: 8404, webStorageEnabled: false, webkitResponseTimeout: 20000}
Session ID: 10cc2aeea996af9844d8eca86c636db3e5d4c42a
*** Element info: {Using=xpath, value=//*[@name='9XX XXX XXXX']/XCUIElementTypeTextField}
	at com.mlwallet.test.HappyPathScripts.cashInViaBankSemiVerifiedTierStatusTransaction_CIBA_TC_25(HappyPathScripts.java:18)
</failure>
    <system-out><![CDATA[Reset
Reset complete
2024-03-06 14:36:46,035 [TestNG-tests-1] INFO  binary_data_logger - :::::::::Test cashInViaBankSemiVerifiedTierStatusTransaction_CIBA_TC_25 Started::::::::
2024-03-06 14:37:20,672 [TestNG-tests-1] INFO  binary_data_logger - Change number page is not displayed
2024-03-06 14:37:51,353 [TestNG-tests-1] INFO  binary_data_logger - null is not displayed
2024-03-06 14:37:51,354 [TestNG-tests-1] INFO  binary_data_logger - No Allow notif Pop- Up!
2024-03-06 14:38:22,907 [TestNG-tests-1] INFO  binary_data_logger - Not Typed the value 9999999931 into Mobile Number Text Field
2024-03-06 14:38:28,376 [TestNG-tests-1] INFO  binary_data_logger - RP_MESSAGE#FILE#C:\Users\MERC20~1\AppData\Local\Temp\screenshot3747635190806462009.png#Attachment
2024-03-06 14:38:32,740 [TestNG-tests-1] INFO  binary_data_logger - RP_MESSAGE#FILE#C:\Users\MERC20~1\AppData\Local\Temp\screenshot16761869447333564767.png#Attachment
2024-03-06 14:38:32,740 [TestNG-tests-1] INFO  binary_data_logger - ::::::::::Test cashInViaBankSemiVerifiedTierStatusTransaction_CIBA_TC_25 FAILED::::::::::
2024-03-06 14:38:32,740 [TestNG-tests-1] INFO  binary_data_logger - ::::::::::Relaunching The App::::::::::
]]></system-out>
  </testcase>
  <testcase name="cashInViaBranchTransactionWithValidMLPin_CIBR_TC_43" classname="com.mlwallet.test.HappyPathScripts" time="103.981">
    <failure message="Could not send text By.xpath: //*[@name=&apos;9XX XXX XXXX&apos;]/XCUIElementTypeTextField" type="java.lang.AssertionError">java.lang.AssertionError: Could not send text By.xpath: //*[@name='9XX XXX XXXX']/XCUIElementTypeTextField
	at com.mlwallet.test.HappyPathScripts.cashInViaBranchTransactionWithValidMLPin_CIBR_TC_43(HappyPathScripts.java:23)
Caused by: org.openqa.selenium.NoSuchElementException: 
An element could not be located on the page using the given search parameters. (WARNING: The server did not provide any stacktrace information)
Command duration or timeout: 0 milliseconds
For documentation on this error, please visit: https://www.seleniumhq.org/exceptions/no_such_element.html
Build info: version: '3.141.59', revision: 'e82be7d358', time: '2018-11-14T08:17:03'
System info: host: 'HOTGDEV094', ip: '10.0.8.68', os.name: 'Windows 11', os.arch: 'amd64', os.version: '10.0', java.version: '20.0.1'
Driver info: io.appium.java_client.ios.IOSDriver
Capabilities {64bit: false, acceptSslCert: false, acceptSslCerts: false, automationName: XCUITest, biometricUserOptionAccessible: false, bootstrapPath: /usr/local/.browserstack/co..., browserName: , browserstack.appium_version: 1.21.0, browserstack.isTargetBased: false, browserstack.is_hub_canary: false, browserstack.minOSVersion: 12.4, bundleID: com.mlhuillier.mlwallet, bundleId: com.mlhuillier.mlwallet, capabilities: {64bit: false, acceptSslCert: false, acceptSslCerts: false, automationName: XCUITest, biometricUserOptionAccessible: false, bootstrapPath: /usr/local/.browserstack/co..., browserName: , browserstack.appium_version: 1.21.0, browserstack.isTargetBased: false, browserstack.is_hub_canary: false, browserstack.minOSVersion: 12.4, bundleID: com.mlhuillier.mlwallet, bundleId: com.mlhuillier.mlwallet, custom_replay_kit_params: {"rotation":"false","captur..., databaseEnabled: false, detected_language: selenium/3.141.59 (java win..., device: iphone, deviceName: iPhone 13 Pro Max, deviceOrientation: PORTRAIT, javascriptEnabled: true, locationContextEnabled: false, mobile: {browser: mobile, version: iPhone 13 Pro Max-15.6}, networkConnectionEnabled: false, newCommandTimeout: 0, new_bucketing: true, noReset: true, orientation: PORTRAIT, orig_os: ios, platform: MAC, platformName: iOS, realMobile: true, safariIgnoreFraudWarning: true, safariInitialUrl: http://mobile-internet-chec..., sessionId: 10cc2aeea996af9844d8eca86c6..., takesScreenshot: true, udid: 00008110-00145C881ABA401E, uiautomator2ServerLaunchTimeout: 60000, useXctestrunFile: true, version: , waitForQuiescence: false, wdaStartupRetries: 3, wda_port: 8404, webStorageEnabled: false, webkitResponseTimeout: 20000}, custom_replay_kit_params: {"rotation":"false","captur..., databaseEnabled: false, detected_language: selenium/3.141.59 (java win..., device: iphone, deviceName: iPhone 13 Pro Max, deviceOrientation: PORTRAIT, javascriptEnabled: true, locationContextEnabled: false, mobile: {browser: mobile, version: iPhone 13 Pro Max-15.6}, networkConnectionEnabled: false, newCommandTimeout: 0, new_bucketing: true, noReset: true, orientation: PORTRAIT, orig_os: ios, platform: MAC, platformName: iOS, realMobile: true, safariIgnoreFraudWarning: true, safariInitialUrl: http://mobile-internet-chec..., sessionId: 10cc2aeea996af9844d8eca86c6..., takesScreenshot: true, udid: 00008110-00145C881ABA401E, uiautomator2ServerLaunchTimeout: 60000, useXctestrunFile: true, version: , waitForQuiescence: false, wdaStartupRetries: 3, wda_port: 8404, webStorageEnabled: false, webkitResponseTimeout: 20000}
Session ID: 10cc2aeea996af9844d8eca86c636db3e5d4c42a
*** Element info: {Using=xpath, value=//*[@name='9XX XXX XXXX']/XCUIElementTypeTextField}
	at com.mlwallet.test.HappyPathScripts.cashInViaBranchTransactionWithValidMLPin_CIBR_TC_43(HappyPathScripts.java:23)
</failure>
    <system-out><![CDATA[Reset
Reset complete
2024-03-06 14:38:41,219 [TestNG-tests-1] INFO  binary_data_logger - :::::::::Test cashInViaBranchTransactionWithValidMLPin_CIBR_TC_43 Started::::::::
2024-03-06 14:39:16,335 [TestNG-tests-1] INFO  binary_data_logger - Change number page is not displayed
2024-03-06 14:39:47,497 [TestNG-tests-1] INFO  binary_data_logger - null is not displayed
2024-03-06 14:39:47,497 [TestNG-tests-1] INFO  binary_data_logger - No Allow notif Pop- Up!
2024-03-06 14:40:19,138 [TestNG-tests-1] INFO  binary_data_logger - Not Typed the value 9999999934 into Mobile Number Text Field
2024-03-06 14:40:22,067 [TestNG-tests-1] INFO  binary_data_logger - RP_MESSAGE#FILE#C:\Users\MERC20~1\AppData\Local\Temp\screenshot14340790189452818184.png#Attachment
2024-03-06 14:40:25,200 [TestNG-tests-1] INFO  binary_data_logger - RP_MESSAGE#FILE#C:\Users\MERC20~1\AppData\Local\Temp\screenshot15519096112323951120.png#Attachment
2024-03-06 14:40:25,200 [TestNG-tests-1] INFO  binary_data_logger - ::::::::::Test cashInViaBranchTransactionWithValidMLPin_CIBR_TC_43 FAILED::::::::::
2024-03-06 14:40:25,200 [TestNG-tests-1] INFO  binary_data_logger - ::::::::::Relaunching The App::::::::::
]]></system-out>
  </testcase>
  <testcase name="GC_SM_TC_76_Validate_Back_Home_Btn_In_GCash_View_Recent_Transaction_Dashboard_Page" classname="com.mlwallet.test.HappyPathScripts" time="104.306">
    <failure message="Could not send text By.xpath: //*[@name=&apos;9XX XXX XXXX&apos;]/XCUIElementTypeTextField" type="java.lang.AssertionError">java.lang.AssertionError: Could not send text By.xpath: //*[@name='9XX XXX XXXX']/XCUIElementTypeTextField
	at com.mlwallet.test.HappyPathScripts.GC_SM_TC_76_Validate_Back_Home_Btn_In_GCash_View_Recent_Transaction_Dashboard_Page(HappyPathScripts.java:28)
Caused by: org.openqa.selenium.NoSuchElementException: 
An element could not be located on the page using the given search parameters. (WARNING: The server did not provide any stacktrace information)
Command duration or timeout: 0 milliseconds
For documentation on this error, please visit: https://www.seleniumhq.org/exceptions/no_such_element.html
Build info: version: '3.141.59', revision: 'e82be7d358', time: '2018-11-14T08:17:03'
System info: host: 'HOTGDEV094', ip: '10.0.8.68', os.name: 'Windows 11', os.arch: 'amd64', os.version: '10.0', java.version: '20.0.1'
Driver info: io.appium.java_client.ios.IOSDriver
Capabilities {64bit: false, acceptSslCert: false, acceptSslCerts: false, automationName: XCUITest, biometricUserOptionAccessible: false, bootstrapPath: /usr/local/.browserstack/co..., browserName: , browserstack.appium_version: 1.21.0, browserstack.isTargetBased: false, browserstack.is_hub_canary: false, browserstack.minOSVersion: 12.4, bundleID: com.mlhuillier.mlwallet, bundleId: com.mlhuillier.mlwallet, capabilities: {64bit: false, acceptSslCert: false, acceptSslCerts: false, automationName: XCUITest, biometricUserOptionAccessible: false, bootstrapPath: /usr/local/.browserstack/co..., browserName: , browserstack.appium_version: 1.21.0, browserstack.isTargetBased: false, browserstack.is_hub_canary: false, browserstack.minOSVersion: 12.4, bundleID: com.mlhuillier.mlwallet, bundleId: com.mlhuillier.mlwallet, custom_replay_kit_params: {"rotation":"false","captur..., databaseEnabled: false, detected_language: selenium/3.141.59 (java win..., device: iphone, deviceName: iPhone 13 Pro Max, deviceOrientation: PORTRAIT, javascriptEnabled: true, locationContextEnabled: false, mobile: {browser: mobile, version: iPhone 13 Pro Max-15.6}, networkConnectionEnabled: false, newCommandTimeout: 0, new_bucketing: true, noReset: true, orientation: PORTRAIT, orig_os: ios, platform: MAC, platformName: iOS, realMobile: true, safariIgnoreFraudWarning: true, safariInitialUrl: http://mobile-internet-chec..., sessionId: 10cc2aeea996af9844d8eca86c6..., takesScreenshot: true, udid: 00008110-00145C881ABA401E, uiautomator2ServerLaunchTimeout: 60000, useXctestrunFile: true, version: , waitForQuiescence: false, wdaStartupRetries: 3, wda_port: 8404, webStorageEnabled: false, webkitResponseTimeout: 20000}, custom_replay_kit_params: {"rotation":"false","captur..., databaseEnabled: false, detected_language: selenium/3.141.59 (java win..., device: iphone, deviceName: iPhone 13 Pro Max, deviceOrientation: PORTRAIT, javascriptEnabled: true, locationContextEnabled: false, mobile: {browser: mobile, version: iPhone 13 Pro Max-15.6}, networkConnectionEnabled: false, newCommandTimeout: 0, new_bucketing: true, noReset: true, orientation: PORTRAIT, orig_os: ios, platform: MAC, platformName: iOS, realMobile: true, safariIgnoreFraudWarning: true, safariInitialUrl: http://mobile-internet-chec..., sessionId: 10cc2aeea996af9844d8eca86c6..., takesScreenshot: true, udid: 00008110-00145C881ABA401E, uiautomator2ServerLaunchTimeout: 60000, useXctestrunFile: true, version: , waitForQuiescence: false, wdaStartupRetries: 3, wda_port: 8404, webStorageEnabled: false, webkitResponseTimeout: 20000}
Session ID: 10cc2aeea996af9844d8eca86c636db3e5d4c42a
*** Element info: {Using=xpath, value=//*[@name='9XX XXX XXXX']/XCUIElementTypeTextField}
	at com.mlwallet.test.HappyPathScripts.GC_SM_TC_76_Validate_Back_Home_Btn_In_GCash_View_Recent_Transaction_Dashboard_Page(HappyPathScripts.java:28)
</failure>
    <system-out><![CDATA[Reset
Reset complete
2024-03-06 14:40:33,632 [TestNG-tests-1] INFO  binary_data_logger - :::::::::Test GC_SM_TC_76_Validate_Back_Home_Btn_In_GCash_View_Recent_Transaction_Dashboard_Page Started::::::::
2024-03-06 14:41:06,031 [TestNG-tests-1] INFO  binary_data_logger - Change number page is not displayed
2024-03-06 14:41:36,858 [TestNG-tests-1] INFO  binary_data_logger - null is not displayed
2024-03-06 14:41:36,859 [TestNG-tests-1] INFO  binary_data_logger - No Allow notif Pop- Up!
2024-03-06 14:42:08,563 [TestNG-tests-1] INFO  binary_data_logger - Not Typed the value 9999999934 into Mobile Number Text Field
2024-03-06 14:42:12,439 [TestNG-tests-1] INFO  binary_data_logger - RP_MESSAGE#FILE#C:\Users\MERC20~1\AppData\Local\Temp\screenshot14697414479761752214.png#Attachment
2024-03-06 14:42:17,937 [TestNG-tests-1] INFO  binary_data_logger - RP_MESSAGE#FILE#C:\Users\MERC20~1\AppData\Local\Temp\screenshot13712531105060368336.png#Attachment
2024-03-06 14:42:17,937 [TestNG-tests-1] INFO  binary_data_logger - ::::::::::Test GC_SM_TC_76_Validate_Back_Home_Btn_In_GCash_View_Recent_Transaction_Dashboard_Page FAILED::::::::::
2024-03-06 14:42:17,937 [TestNG-tests-1] INFO  binary_data_logger - ::::::::::Relaunching The App::::::::::
]]></system-out>
  </testcase>
  <testcase name="cashOutBankTransactionOTPContinueBtnFunctionality_WM_TC_123" classname="com.mlwallet.test.HappyPathScripts" time="111.687">
    <failure message="Could not send text By.xpath: //*[@name=&apos;9XX XXX XXXX&apos;]/XCUIElementTypeTextField" type="java.lang.AssertionError">java.lang.AssertionError: Could not send text By.xpath: //*[@name='9XX XXX XXXX']/XCUIElementTypeTextField
	at com.mlwallet.test.HappyPathScripts.cashOutBankTransactionOTPContinueBtnFunctionality_WM_TC_123(HappyPathScripts.java:33)
Caused by: org.openqa.selenium.NoSuchElementException: 
An element could not be located on the page using the given search parameters. (WARNING: The server did not provide any stacktrace information)
Command duration or timeout: 0 milliseconds
For documentation on this error, please visit: https://www.seleniumhq.org/exceptions/no_such_element.html
Build info: version: '3.141.59', revision: 'e82be7d358', time: '2018-11-14T08:17:03'
System info: host: 'HOTGDEV094', ip: '10.0.8.68', os.name: 'Windows 11', os.arch: 'amd64', os.version: '10.0', java.version: '20.0.1'
Driver info: io.appium.java_client.ios.IOSDriver
Capabilities {64bit: false, acceptSslCert: false, acceptSslCerts: false, automationName: XCUITest, biometricUserOptionAccessible: false, bootstrapPath: /usr/local/.browserstack/co..., browserName: , browserstack.appium_version: 1.21.0, browserstack.isTargetBased: false, browserstack.is_hub_canary: false, browserstack.minOSVersion: 12.4, bundleID: com.mlhuillier.mlwallet, bundleId: com.mlhuillier.mlwallet, capabilities: {64bit: false, acceptSslCert: false, acceptSslCerts: false, automationName: XCUITest, biometricUserOptionAccessible: false, bootstrapPath: /usr/local/.browserstack/co..., browserName: , browserstack.appium_version: 1.21.0, browserstack.isTargetBased: false, browserstack.is_hub_canary: false, browserstack.minOSVersion: 12.4, bundleID: com.mlhuillier.mlwallet, bundleId: com.mlhuillier.mlwallet, custom_replay_kit_params: {"rotation":"false","captur..., databaseEnabled: false, detected_language: selenium/3.141.59 (java win..., device: iphone, deviceName: iPhone 13 Pro Max, deviceOrientation: PORTRAIT, javascriptEnabled: true, locationContextEnabled: false, mobile: {browser: mobile, version: iPhone 13 Pro Max-15.6}, networkConnectionEnabled: false, newCommandTimeout: 0, new_bucketing: true, noReset: true, orientation: PORTRAIT, orig_os: ios, platform: MAC, platformName: iOS, realMobile: true, safariIgnoreFraudWarning: true, safariInitialUrl: http://mobile-internet-chec..., sessionId: 10cc2aeea996af9844d8eca86c6..., takesScreenshot: true, udid: 00008110-00145C881ABA401E, uiautomator2ServerLaunchTimeout: 60000, useXctestrunFile: true, version: , waitForQuiescence: false, wdaStartupRetries: 3, wda_port: 8404, webStorageEnabled: false, webkitResponseTimeout: 20000}, custom_replay_kit_params: {"rotation":"false","captur..., databaseEnabled: false, detected_language: selenium/3.141.59 (java win..., device: iphone, deviceName: iPhone 13 Pro Max, deviceOrientation: PORTRAIT, javascriptEnabled: true, locationContextEnabled: false, mobile: {browser: mobile, version: iPhone 13 Pro Max-15.6}, networkConnectionEnabled: false, newCommandTimeout: 0, new_bucketing: true, noReset: true, orientation: PORTRAIT, orig_os: ios, platform: MAC, platformName: iOS, realMobile: true, safariIgnoreFraudWarning: true, safariInitialUrl: http://mobile-internet-chec..., sessionId: 10cc2aeea996af9844d8eca86c6..., takesScreenshot: true, udid: 00008110-00145C881ABA401E, uiautomator2ServerLaunchTimeout: 60000, useXctestrunFile: true, version: , waitForQuiescence: false, wdaStartupRetries: 3, wda_port: 8404, webStorageEnabled: false, webkitResponseTimeout: 20000}
Session ID: 10cc2aeea996af9844d8eca86c636db3e5d4c42a
*** Element info: {Using=xpath, value=//*[@name='9XX XXX XXXX']/XCUIElementTypeTextField}
	at com.mlwallet.test.HappyPathScripts.cashOutBankTransactionOTPContinueBtnFunctionality_WM_TC_123(HappyPathScripts.java:33)
</failure>
    <system-out><![CDATA[Reset
Reset complete
2024-03-06 14:42:26,270 [TestNG-tests-1] INFO  binary_data_logger - :::::::::Test cashOutBankTransactionOTPContinueBtnFunctionality_WM_TC_123 Started::::::::
2024-03-06 14:43:00,965 [TestNG-tests-1] INFO  binary_data_logger - Change number page is not displayed
2024-03-06 14:43:32,203 [TestNG-tests-1] INFO  binary_data_logger - null is not displayed
2024-03-06 14:43:32,204 [TestNG-tests-1] INFO  binary_data_logger - No Allow notif Pop- Up!
2024-03-06 14:44:03,717 [TestNG-tests-1] INFO  binary_data_logger - Not Typed the value 9999999934 into Mobile Number Text Field
2024-03-06 14:44:09,586 [TestNG-tests-1] INFO  binary_data_logger - RP_MESSAGE#FILE#C:\Users\MERC20~1\AppData\Local\Temp\screenshot14017006837708072071.png#Attachment
2024-03-06 14:44:17,956 [TestNG-tests-1] INFO  binary_data_logger - RP_MESSAGE#FILE#C:\Users\MERC20~1\AppData\Local\Temp\screenshot3563713531635974621.png#Attachment
2024-03-06 14:44:17,956 [TestNG-tests-1] INFO  binary_data_logger - ::::::::::Test cashOutBankTransactionOTPContinueBtnFunctionality_WM_TC_123 FAILED::::::::::
2024-03-06 14:44:17,957 [TestNG-tests-1] INFO  binary_data_logger - ::::::::::Relaunching The App::::::::::
]]></system-out>
  </testcase>
  <testcase name="paybillsRecentTransaction_PB_TC_19" classname="com.mlwallet.test.HappyPathScripts" time="119.292">
    <failure message="Could not send text By.xpath: //*[@name=&apos;9XX XXX XXXX&apos;]/XCUIElementTypeTextField" type="java.lang.AssertionError">java.lang.AssertionError: Could not send text By.xpath: //*[@name='9XX XXX XXXX']/XCUIElementTypeTextField
	at com.mlwallet.test.HappyPathScripts.paybillsRecentTransaction_PB_TC_19(HappyPathScripts.java:38)
Caused by: org.openqa.selenium.NoSuchElementException: 
An element could not be located on the page using the given search parameters. (WARNING: The server did not provide any stacktrace information)
Command duration or timeout: 0 milliseconds
For documentation on this error, please visit: https://www.seleniumhq.org/exceptions/no_such_element.html
Build info: version: '3.141.59', revision: 'e82be7d358', time: '2018-11-14T08:17:03'
System info: host: 'HOTGDEV094', ip: '10.0.8.68', os.name: 'Windows 11', os.arch: 'amd64', os.version: '10.0', java.version: '20.0.1'
Driver info: io.appium.java_client.ios.IOSDriver
Capabilities {64bit: false, acceptSslCert: false, acceptSslCerts: false, automationName: XCUITest, biometricUserOptionAccessible: false, bootstrapPath: /usr/local/.browserstack/co..., browserName: , browserstack.appium_version: 1.21.0, browserstack.isTargetBased: false, browserstack.is_hub_canary: false, browserstack.minOSVersion: 12.4, bundleID: com.mlhuillier.mlwallet, bundleId: com.mlhuillier.mlwallet, capabilities: {64bit: false, acceptSslCert: false, acceptSslCerts: false, automationName: XCUITest, biometricUserOptionAccessible: false, bootstrapPath: /usr/local/.browserstack/co..., browserName: , browserstack.appium_version: 1.21.0, browserstack.isTargetBased: false, browserstack.is_hub_canary: false, browserstack.minOSVersion: 12.4, bundleID: com.mlhuillier.mlwallet, bundleId: com.mlhuillier.mlwallet, custom_replay_kit_params: {"rotation":"false","captur..., databaseEnabled: false, detected_language: selenium/3.141.59 (java win..., device: iphone, deviceName: iPhone 13 Pro Max, deviceOrientation: PORTRAIT, javascriptEnabled: true, locationContextEnabled: false, mobile: {browser: mobile, version: iPhone 13 Pro Max-15.6}, networkConnectionEnabled: false, newCommandTimeout: 0, new_bucketing: true, noReset: true, orientation: PORTRAIT, orig_os: ios, platform: MAC, platformName: iOS, realMobile: true, safariIgnoreFraudWarning: true, safariInitialUrl: http://mobile-internet-chec..., sessionId: 10cc2aeea996af9844d8eca86c6..., takesScreenshot: true, udid: 00008110-00145C881ABA401E, uiautomator2ServerLaunchTimeout: 60000, useXctestrunFile: true, version: , waitForQuiescence: false, wdaStartupRetries: 3, wda_port: 8404, webStorageEnabled: false, webkitResponseTimeout: 20000}, custom_replay_kit_params: {"rotation":"false","captur..., databaseEnabled: false, detected_language: selenium/3.141.59 (java win..., device: iphone, deviceName: iPhone 13 Pro Max, deviceOrientation: PORTRAIT, javascriptEnabled: true, locationContextEnabled: false, mobile: {browser: mobile, version: iPhone 13 Pro Max-15.6}, networkConnectionEnabled: false, newCommandTimeout: 0, new_bucketing: true, noReset: true, orientation: PORTRAIT, orig_os: ios, platform: MAC, platformName: iOS, realMobile: true, safariIgnoreFraudWarning: true, safariInitialUrl: http://mobile-internet-chec..., sessionId: 10cc2aeea996af9844d8eca86c6..., takesScreenshot: true, udid: 00008110-00145C881ABA401E, uiautomator2ServerLaunchTimeout: 60000, useXctestrunFile: true, version: , waitForQuiescence: false, wdaStartupRetries: 3, wda_port: 8404, webStorageEnabled: false, webkitResponseTimeout: 20000}
Session ID: 10cc2aeea996af9844d8eca86c636db3e5d4c42a
*** Element info: {Using=xpath, value=//*[@name='9XX XXX XXXX']/XCUIElementTypeTextField}
	at com.mlwallet.test.HappyPathScripts.paybillsRecentTransaction_PB_TC_19(HappyPathScripts.java:38)
</failure>
    <system-out><![CDATA[Reset
Reset complete
2024-03-06 14:44:26,350 [TestNG-tests-1] INFO  binary_data_logger - :::::::::Test paybillsRecentTransaction_PB_TC_19 Started::::::::
2024-03-06 14:45:01,344 [TestNG-tests-1] INFO  binary_data_logger - Change number page is not displayed
2024-03-06 14:45:32,361 [TestNG-tests-1] INFO  binary_data_logger - null is not displayed
2024-03-06 14:45:32,362 [TestNG-tests-1] INFO  binary_data_logger - No Allow notif Pop- Up!
2024-03-06 14:46:04,263 [TestNG-tests-1] INFO  binary_data_logger - Not Typed the value 9999999934 into Mobile Number Text Field
2024-03-06 14:46:12,766 [TestNG-tests-1] INFO  binary_data_logger - RP_MESSAGE#FILE#C:\Users\MERC20~1\AppData\Local\Temp\screenshot16881034444074758322.png#Attachment
2024-03-06 14:46:25,640 [TestNG-tests-1] INFO  binary_data_logger - RP_MESSAGE#FILE#C:\Users\MERC20~1\AppData\Local\Temp\screenshot11343237983630582949.png#Attachment
2024-03-06 14:46:25,642 [TestNG-tests-1] INFO  binary_data_logger - ::::::::::Test paybillsRecentTransaction_PB_TC_19 FAILED::::::::::
2024-03-06 14:46:25,642 [TestNG-tests-1] INFO  binary_data_logger - ::::::::::Relaunching The App::::::::::
]]></system-out>
  </testcase>
  <testcase name="sendMoneyToSavedRecipient_STB_TC_02" classname="com.mlwallet.test.HappyPathScripts" time="116.318">
    <failure message="Could not send text By.xpath: //*[@name=&apos;9XX XXX XXXX&apos;]/XCUIElementTypeTextField" type="java.lang.AssertionError">java.lang.AssertionError: Could not send text By.xpath: //*[@name='9XX XXX XXXX']/XCUIElementTypeTextField
	at com.mlwallet.test.HappyPathScripts.sendMoneyToSavedRecipient_STB_TC_02(HappyPathScripts.java:43)
Caused by: org.openqa.selenium.NoSuchElementException: 
An element could not be located on the page using the given search parameters. (WARNING: The server did not provide any stacktrace information)
Command duration or timeout: 0 milliseconds
For documentation on this error, please visit: https://www.seleniumhq.org/exceptions/no_such_element.html
Build info: version: '3.141.59', revision: 'e82be7d358', time: '2018-11-14T08:17:03'
System info: host: 'HOTGDEV094', ip: '10.0.8.68', os.name: 'Windows 11', os.arch: 'amd64', os.version: '10.0', java.version: '20.0.1'
Driver info: io.appium.java_client.ios.IOSDriver
Capabilities {64bit: false, acceptSslCert: false, acceptSslCerts: false, automationName: XCUITest, biometricUserOptionAccessible: false, bootstrapPath: /usr/local/.browserstack/co..., browserName: , browserstack.appium_version: 1.21.0, browserstack.isTargetBased: false, browserstack.is_hub_canary: false, browserstack.minOSVersion: 12.4, bundleID: com.mlhuillier.mlwallet, bundleId: com.mlhuillier.mlwallet, capabilities: {64bit: false, acceptSslCert: false, acceptSslCerts: false, automationName: XCUITest, biometricUserOptionAccessible: false, bootstrapPath: /usr/local/.browserstack/co..., browserName: , browserstack.appium_version: 1.21.0, browserstack.isTargetBased: false, browserstack.is_hub_canary: false, browserstack.minOSVersion: 12.4, bundleID: com.mlhuillier.mlwallet, bundleId: com.mlhuillier.mlwallet, custom_replay_kit_params: {"rotation":"false","captur..., databaseEnabled: false, detected_language: selenium/3.141.59 (java win..., device: iphone, deviceName: iPhone 13 Pro Max, deviceOrientation: PORTRAIT, javascriptEnabled: true, locationContextEnabled: false, mobile: {browser: mobile, version: iPhone 13 Pro Max-15.6}, networkConnectionEnabled: false, newCommandTimeout: 0, new_bucketing: true, noReset: true, orientation: PORTRAIT, orig_os: ios, platform: MAC, platformName: iOS, realMobile: true, safariIgnoreFraudWarning: true, safariInitialUrl: http://mobile-internet-chec..., sessionId: 10cc2aeea996af9844d8eca86c6..., takesScreenshot: true, udid: 00008110-00145C881ABA401E, uiautomator2ServerLaunchTimeout: 60000, useXctestrunFile: true, version: , waitForQuiescence: false, wdaStartupRetries: 3, wda_port: 8404, webStorageEnabled: false, webkitResponseTimeout: 20000}, custom_replay_kit_params: {"rotation":"false","captur..., databaseEnabled: false, detected_language: selenium/3.141.59 (java win..., device: iphone, deviceName: iPhone 13 Pro Max, deviceOrientation: PORTRAIT, javascriptEnabled: true, locationContextEnabled: false, mobile: {browser: mobile, version: iPhone 13 Pro Max-15.6}, networkConnectionEnabled: false, newCommandTimeout: 0, new_bucketing: true, noReset: true, orientation: PORTRAIT, orig_os: ios, platform: MAC, platformName: iOS, realMobile: true, safariIgnoreFraudWarning: true, safariInitialUrl: http://mobile-internet-chec..., sessionId: 10cc2aeea996af9844d8eca86c6..., takesScreenshot: true, udid: 00008110-00145C881ABA401E, uiautomator2ServerLaunchTimeout: 60000, useXctestrunFile: true, version: , waitForQuiescence: false, wdaStartupRetries: 3, wda_port: 8404, webStorageEnabled: false, webkitResponseTimeout: 20000}
Session ID: 10cc2aeea996af9844d8eca86c636db3e5d4c42a
*** Element info: {Using=xpath, value=//*[@name='9XX XXX XXXX']/XCUIElementTypeTextField}
	at com.mlwallet.test.HappyPathScripts.sendMoneyToSavedRecipient_STB_TC_02(HappyPathScripts.java:43)
</failure>
    <system-out><![CDATA[Reset
Reset complete
2024-03-06 14:46:34,162 [TestNG-tests-1] INFO  binary_data_logger - :::::::::Test sendMoneyToSavedRecipient_STB_TC_02 Started::::::::
2024-03-06 14:47:09,929 [TestNG-tests-1] INFO  binary_data_logger - Change number page is not displayed
2024-03-06 14:47:40,337 [TestNG-tests-1] INFO  binary_data_logger - null is not displayed
2024-03-06 14:47:40,338 [TestNG-tests-1] INFO  binary_data_logger - No Allow notif Pop- Up!
2024-03-06 14:48:12,462 [TestNG-tests-1] INFO  binary_data_logger - Not Typed the value 9999999934 into Mobile Number Text Field
2024-03-06 14:48:22,181 [TestNG-tests-1] INFO  binary_data_logger - RP_MESSAGE#FILE#C:\Users\MERC20~1\AppData\Local\Temp\screenshot2902443823169194357.png#Attachment
2024-03-06 14:48:30,479 [TestNG-tests-1] INFO  binary_data_logger - RP_MESSAGE#FILE#C:\Users\MERC20~1\AppData\Local\Temp\screenshot17994466038021091266.png#Attachment
2024-03-06 14:48:30,480 [TestNG-tests-1] INFO  binary_data_logger - ::::::::::Test sendMoneyToSavedRecipient_STB_TC_02 FAILED::::::::::
2024-03-06 14:48:30,481 [TestNG-tests-1] INFO  binary_data_logger - ::::::::::Relaunching The App::::::::::
]]></system-out>
  </testcase>
  <testcase name="sendMoneyMLWalletToExistingReceiver_STW_TC_02" classname="com.mlwallet.test.HappyPathScripts" time="113.16">
    <failure message="Could not send text By.xpath: //*[@name=&apos;9XX XXX XXXX&apos;]/XCUIElementTypeTextField" type="java.lang.AssertionError">java.lang.AssertionError: Could not send text By.xpath: //*[@name='9XX XXX XXXX']/XCUIElementTypeTextField
	at com.mlwallet.test.HappyPathScripts.sendMoneyMLWalletToExistingReceiver_STW_TC_02(HappyPathScripts.java:49)
Caused by: org.openqa.selenium.NoSuchElementException: 
An element could not be located on the page using the given search parameters. (WARNING: The server did not provide any stacktrace information)
Command duration or timeout: 0 milliseconds
For documentation on this error, please visit: https://www.seleniumhq.org/exceptions/no_such_element.html
Build info: version: '3.141.59', revision: 'e82be7d358', time: '2018-11-14T08:17:03'
System info: host: 'HOTGDEV094', ip: '10.0.8.68', os.name: 'Windows 11', os.arch: 'amd64', os.version: '10.0', java.version: '20.0.1'
Driver info: io.appium.java_client.ios.IOSDriver
Capabilities {64bit: false, acceptSslCert: false, acceptSslCerts: false, automationName: XCUITest, biometricUserOptionAccessible: false, bootstrapPath: /usr/local/.browserstack/co..., browserName: , browserstack.appium_version: 1.21.0, browserstack.isTargetBased: false, browserstack.is_hub_canary: false, browserstack.minOSVersion: 12.4, bundleID: com.mlhuillier.mlwallet, bundleId: com.mlhuillier.mlwallet, capabilities: {64bit: false, acceptSslCert: false, acceptSslCerts: false, automationName: XCUITest, biometricUserOptionAccessible: false, bootstrapPath: /usr/local/.browserstack/co..., browserName: , browserstack.appium_version: 1.21.0, browserstack.isTargetBased: false, browserstack.is_hub_canary: false, browserstack.minOSVersion: 12.4, bundleID: com.mlhuillier.mlwallet, bundleId: com.mlhuillier.mlwallet, custom_replay_kit_params: {"rotation":"false","captur..., databaseEnabled: false, detected_language: selenium/3.141.59 (java win..., device: iphone, deviceName: iPhone 13 Pro Max, deviceOrientation: PORTRAIT, javascriptEnabled: true, locationContextEnabled: false, mobile: {browser: mobile, version: iPhone 13 Pro Max-15.6}, networkConnectionEnabled: false, newCommandTimeout: 0, new_bucketing: true, noReset: true, orientation: PORTRAIT, orig_os: ios, platform: MAC, platformName: iOS, realMobile: true, safariIgnoreFraudWarning: true, safariInitialUrl: http://mobile-internet-chec..., sessionId: 10cc2aeea996af9844d8eca86c6..., takesScreenshot: true, udid: 00008110-00145C881ABA401E, uiautomator2ServerLaunchTimeout: 60000, useXctestrunFile: true, version: , waitForQuiescence: false, wdaStartupRetries: 3, wda_port: 8404, webStorageEnabled: false, webkitResponseTimeout: 20000}, custom_replay_kit_params: {"rotation":"false","captur..., databaseEnabled: false, detected_language: selenium/3.141.59 (java win..., device: iphone, deviceName: iPhone 13 Pro Max, deviceOrientation: PORTRAIT, javascriptEnabled: true, locationContextEnabled: false, mobile: {browser: mobile, version: iPhone 13 Pro Max-15.6}, networkConnectionEnabled: false, newCommandTimeout: 0, new_bucketing: true, noReset: true, orientation: PORTRAIT, orig_os: ios, platform: MAC, platformName: iOS, realMobile: true, safariIgnoreFraudWarning: true, safariInitialUrl: http://mobile-internet-chec..., sessionId: 10cc2aeea996af9844d8eca86c6..., takesScreenshot: true, udid: 00008110-00145C881ABA401E, uiautomator2ServerLaunchTimeout: 60000, useXctestrunFile: true, version: , waitForQuiescence: false, wdaStartupRetries: 3, wda_port: 8404, webStorageEnabled: false, webkitResponseTimeout: 20000}
Session ID: 10cc2aeea996af9844d8eca86c636db3e5d4c42a
*** Element info: {Using=xpath, value=//*[@name='9XX XXX XXXX']/XCUIElementTypeTextField}
	at com.mlwallet.test.HappyPathScripts.sendMoneyMLWalletToExistingReceiver_STW_TC_02(HappyPathScripts.java:49)
</failure>
    <system-out><![CDATA[Reset
Reset complete
2024-03-06 14:48:38,875 [TestNG-tests-1] INFO  binary_data_logger - :::::::::Test sendMoneyMLWalletToExistingReceiver_STW_TC_02 Started::::::::
2024-03-06 14:49:13,351 [TestNG-tests-1] INFO  binary_data_logger - Change number page is not displayed
2024-03-06 14:49:43,718 [TestNG-tests-1] INFO  binary_data_logger - null is not displayed
2024-03-06 14:49:43,718 [TestNG-tests-1] INFO  binary_data_logger - No Allow notif Pop- Up!
2024-03-06 14:50:15,919 [TestNG-tests-1] INFO  binary_data_logger - Not Typed the value 9999999994 into Mobile Number Text Field
2024-03-06 14:50:23,243 [TestNG-tests-1] INFO  binary_data_logger - RP_MESSAGE#FILE#C:\Users\MERC20~1\AppData\Local\Temp\screenshot14649895700720469854.png#Attachment
2024-03-06 14:50:32,034 [TestNG-tests-1] INFO  binary_data_logger - RP_MESSAGE#FILE#C:\Users\MERC20~1\AppData\Local\Temp\screenshot1085929023003993431.png#Attachment
2024-03-06 14:50:32,035 [TestNG-tests-1] INFO  binary_data_logger - ::::::::::Test sendMoneyMLWalletToExistingReceiver_STW_TC_02 FAILED::::::::::
2024-03-06 14:50:32,035 [TestNG-tests-1] INFO  binary_data_logger - ::::::::::Relaunching The App::::::::::
]]></system-out>
  </testcase>
  <testcase name="shopItemsReviewingItemDetailsAndFeeBeforePlacingTheOrder_SI_TC_69" classname="com.mlwallet.test.HappyPathScripts" time="113.765">
    <failure message="Could not send text By.xpath: //*[@name=&apos;9XX XXX XXXX&apos;]/XCUIElementTypeTextField" type="java.lang.AssertionError">java.lang.AssertionError: Could not send text By.xpath: //*[@name='9XX XXX XXXX']/XCUIElementTypeTextField
	at com.mlwallet.test.HappyPathScripts.shopItemsReviewingItemDetailsAndFeeBeforePlacingTheOrder_SI_TC_69(HappyPathScripts.java:54)
Caused by: org.openqa.selenium.NoSuchElementException: 
An element could not be located on the page using the given search parameters. (WARNING: The server did not provide any stacktrace information)
Command duration or timeout: 0 milliseconds
For documentation on this error, please visit: https://www.seleniumhq.org/exceptions/no_such_element.html
Build info: version: '3.141.59', revision: 'e82be7d358', time: '2018-11-14T08:17:03'
System info: host: 'HOTGDEV094', ip: '10.0.8.68', os.name: 'Windows 11', os.arch: 'amd64', os.version: '10.0', java.version: '20.0.1'
Driver info: io.appium.java_client.ios.IOSDriver
Capabilities {64bit: false, acceptSslCert: false, acceptSslCerts: false, automationName: XCUITest, biometricUserOptionAccessible: false, bootstrapPath: /usr/local/.browserstack/co..., browserName: , browserstack.appium_version: 1.21.0, browserstack.isTargetBased: false, browserstack.is_hub_canary: false, browserstack.minOSVersion: 12.4, bundleID: com.mlhuillier.mlwallet, bundleId: com.mlhuillier.mlwallet, capabilities: {64bit: false, acceptSslCert: false, acceptSslCerts: false, automationName: XCUITest, biometricUserOptionAccessible: false, bootstrapPath: /usr/local/.browserstack/co..., browserName: , browserstack.appium_version: 1.21.0, browserstack.isTargetBased: false, browserstack.is_hub_canary: false, browserstack.minOSVersion: 12.4, bundleID: com.mlhuillier.mlwallet, bundleId: com.mlhuillier.mlwallet, custom_replay_kit_params: {"rotation":"false","captur..., databaseEnabled: false, detected_language: selenium/3.141.59 (java win..., device: iphone, deviceName: iPhone 13 Pro Max, deviceOrientation: PORTRAIT, javascriptEnabled: true, locationContextEnabled: false, mobile: {browser: mobile, version: iPhone 13 Pro Max-15.6}, networkConnectionEnabled: false, newCommandTimeout: 0, new_bucketing: true, noReset: true, orientation: PORTRAIT, orig_os: ios, platform: MAC, platformName: iOS, realMobile: true, safariIgnoreFraudWarning: true, safariInitialUrl: http://mobile-internet-chec..., sessionId: 10cc2aeea996af9844d8eca86c6..., takesScreenshot: true, udid: 00008110-00145C881ABA401E, uiautomator2ServerLaunchTimeout: 60000, useXctestrunFile: true, version: , waitForQuiescence: false, wdaStartupRetries: 3, wda_port: 8404, webStorageEnabled: false, webkitResponseTimeout: 20000}, custom_replay_kit_params: {"rotation":"false","captur..., databaseEnabled: false, detected_language: selenium/3.141.59 (java win..., device: iphone, deviceName: iPhone 13 Pro Max, deviceOrientation: PORTRAIT, javascriptEnabled: true, locationContextEnabled: false, mobile: {browser: mobile, version: iPhone 13 Pro Max-15.6}, networkConnectionEnabled: false, newCommandTimeout: 0, new_bucketing: true, noReset: true, orientation: PORTRAIT, orig_os: ios, platform: MAC, platformName: iOS, realMobile: true, safariIgnoreFraudWarning: true, safariInitialUrl: http://mobile-internet-chec..., sessionId: 10cc2aeea996af9844d8eca86c6..., takesScreenshot: true, udid: 00008110-00145C881ABA401E, uiautomator2ServerLaunchTimeout: 60000, useXctestrunFile: true, version: , waitForQuiescence: false, wdaStartupRetries: 3, wda_port: 8404, webStorageEnabled: false, webkitResponseTimeout: 20000}
Session ID: 10cc2aeea996af9844d8eca86c636db3e5d4c42a
*** Element info: {Using=xpath, value=//*[@name='9XX XXX XXXX']/XCUIElementTypeTextField}
	at com.mlwallet.test.HappyPathScripts.shopItemsReviewingItemDetailsAndFeeBeforePlacingTheOrder_SI_TC_69(HappyPathScripts.java:54)
</failure>
    <system-out><![CDATA[Reset
Reset complete
2024-03-06 14:50:40,495 [TestNG-tests-1] INFO  binary_data_logger - :::::::::Test shopItemsReviewingItemDetailsAndFeeBeforePlacingTheOrder_SI_TC_69 Started::::::::
2024-03-06 14:51:15,544 [TestNG-tests-1] INFO  binary_data_logger - Change number page is not displayed
2024-03-06 14:51:46,494 [TestNG-tests-1] INFO  binary_data_logger - null is not displayed
2024-03-06 14:51:46,495 [TestNG-tests-1] INFO  binary_data_logger - No Allow notif Pop- Up!
2024-03-06 14:52:17,894 [TestNG-tests-1] INFO  binary_data_logger - Not Typed the value 9999999934 into Mobile Number Text Field
2024-03-06 14:52:27,165 [TestNG-tests-1] INFO  binary_data_logger - RP_MESSAGE#FILE#C:\Users\MERC20~1\AppData\Local\Temp\screenshot13235240395567888361.png#Attachment
2024-03-06 14:52:34,257 [TestNG-tests-1] INFO  binary_data_logger - RP_MESSAGE#FILE#C:\Users\MERC20~1\AppData\Local\Temp\screenshot8575020222153246836.png#Attachment
2024-03-06 14:52:34,258 [TestNG-tests-1] INFO  binary_data_logger - ::::::::::Test shopItemsReviewingItemDetailsAndFeeBeforePlacingTheOrder_SI_TC_69 FAILED::::::::::
2024-03-06 14:52:34,258 [TestNG-tests-1] INFO  binary_data_logger - ::::::::::Relaunching The App::::::::::
]]></system-out>
  </testcase>
  <testcase name="topUpGamesSuccessfulLoadTransaction_TUG_TC_06" classname="com.mlwallet.test.HappyPathScripts" time="111.104">
    <failure message="Could not send text By.xpath: //*[@name=&apos;9XX XXX XXXX&apos;]/XCUIElementTypeTextField" type="java.lang.AssertionError">java.lang.AssertionError: Could not send text By.xpath: //*[@name='9XX XXX XXXX']/XCUIElementTypeTextField
	at com.mlwallet.test.HappyPathScripts.topUpGamesSuccessfulLoadTransaction_TUG_TC_06(HappyPathScripts.java:59)
Caused by: org.openqa.selenium.NoSuchElementException: 
An element could not be located on the page using the given search parameters. (WARNING: The server did not provide any stacktrace information)
Command duration or timeout: 0 milliseconds
For documentation on this error, please visit: https://www.seleniumhq.org/exceptions/no_such_element.html
Build info: version: '3.141.59', revision: 'e82be7d358', time: '2018-11-14T08:17:03'
System info: host: 'HOTGDEV094', ip: '10.0.8.68', os.name: 'Windows 11', os.arch: 'amd64', os.version: '10.0', java.version: '20.0.1'
Driver info: io.appium.java_client.ios.IOSDriver
Capabilities {64bit: false, acceptSslCert: false, acceptSslCerts: false, automationName: XCUITest, biometricUserOptionAccessible: false, bootstrapPath: /usr/local/.browserstack/co..., browserName: , browserstack.appium_version: 1.21.0, browserstack.isTargetBased: false, browserstack.is_hub_canary: false, browserstack.minOSVersion: 12.4, bundleID: com.mlhuillier.mlwallet, bundleId: com.mlhuillier.mlwallet, capabilities: {64bit: false, acceptSslCert: false, acceptSslCerts: false, automationName: XCUITest, biometricUserOptionAccessible: false, bootstrapPath: /usr/local/.browserstack/co..., browserName: , browserstack.appium_version: 1.21.0, browserstack.isTargetBased: false, browserstack.is_hub_canary: false, browserstack.minOSVersion: 12.4, bundleID: com.mlhuillier.mlwallet, bundleId: com.mlhuillier.mlwallet, custom_replay_kit_params: {"rotation":"false","captur..., databaseEnabled: false, detected_language: selenium/3.141.59 (java win..., device: iphone, deviceName: iPhone 13 Pro Max, deviceOrientation: PORTRAIT, javascriptEnabled: true, locationContextEnabled: false, mobile: {browser: mobile, version: iPhone 13 Pro Max-15.6}, networkConnectionEnabled: false, newCommandTimeout: 0, new_bucketing: true, noReset: true, orientation: PORTRAIT, orig_os: ios, platform: MAC, platformName: iOS, realMobile: true, safariIgnoreFraudWarning: true, safariInitialUrl: http://mobile-internet-chec..., sessionId: 10cc2aeea996af9844d8eca86c6..., takesScreenshot: true, udid: 00008110-00145C881ABA401E, uiautomator2ServerLaunchTimeout: 60000, useXctestrunFile: true, version: , waitForQuiescence: false, wdaStartupRetries: 3, wda_port: 8404, webStorageEnabled: false, webkitResponseTimeout: 20000}, custom_replay_kit_params: {"rotation":"false","captur..., databaseEnabled: false, detected_language: selenium/3.141.59 (java win..., device: iphone, deviceName: iPhone 13 Pro Max, deviceOrientation: PORTRAIT, javascriptEnabled: true, locationContextEnabled: false, mobile: {browser: mobile, version: iPhone 13 Pro Max-15.6}, networkConnectionEnabled: false, newCommandTimeout: 0, new_bucketing: true, noReset: true, orientation: PORTRAIT, orig_os: ios, platform: MAC, platformName: iOS, realMobile: true, safariIgnoreFraudWarning: true, safariInitialUrl: http://mobile-internet-chec..., sessionId: 10cc2aeea996af9844d8eca86c6..., takesScreenshot: true, udid: 00008110-00145C881ABA401E, uiautomator2ServerLaunchTimeout: 60000, useXctestrunFile: true, version: , waitForQuiescence: false, wdaStartupRetries: 3, wda_port: 8404, webStorageEnabled: false, webkitResponseTimeout: 20000}
Session ID: 10cc2aeea996af9844d8eca86c636db3e5d4c42a
*** Element info: {Using=xpath, value=//*[@name='9XX XXX XXXX']/XCUIElementTypeTextField}
	at com.mlwallet.test.HappyPathScripts.topUpGamesSuccessfulLoadTransaction_TUG_TC_06(HappyPathScripts.java:59)
</failure>
    <system-out><![CDATA[Reset
Reset complete
2024-03-06 14:52:42,772 [TestNG-tests-1] INFO  binary_data_logger - :::::::::Test topUpGamesSuccessfulLoadTransaction_TUG_TC_06 Started::::::::
2024-03-06 14:53:17,951 [TestNG-tests-1] INFO  binary_data_logger - Change number page is not displayed
2024-03-06 14:53:49,141 [TestNG-tests-1] INFO  binary_data_logger - null is not displayed
2024-03-06 14:53:49,141 [TestNG-tests-1] INFO  binary_data_logger - No Allow notif Pop- Up!
2024-03-06 14:54:20,873 [TestNG-tests-1] INFO  binary_data_logger - Not Typed the value 9999999934 into Mobile Number Text Field
2024-03-06 14:54:26,619 [TestNG-tests-1] INFO  binary_data_logger - RP_MESSAGE#FILE#C:\Users\MERC20~1\AppData\Local\Temp\screenshot10599360440000516357.png#Attachment
2024-03-06 14:54:33,874 [TestNG-tests-1] INFO  binary_data_logger - RP_MESSAGE#FILE#C:\Users\MERC20~1\AppData\Local\Temp\screenshot11357435875172442180.png#Attachment
2024-03-06 14:54:33,874 [TestNG-tests-1] INFO  binary_data_logger - ::::::::::Test topUpGamesSuccessfulLoadTransaction_TUG_TC_06 FAILED::::::::::
2024-03-06 14:54:33,875 [TestNG-tests-1] INFO  binary_data_logger - ::::::::::Relaunching The App::::::::::
]]></system-out>
  </testcase>
</testsuite>